[ 2013-12-13T10:00:53+08:00 ] 127.0.0.1 /Trunk/index.php/
INFO: [ route_check ] --START--
INFO: CheckRoute Behavior ::run [ RunTime:0.002617s ]
INFO: [ route_check ] --END-- [ RunTime:0.003011s ]
INFO: [ app_begin ] --START--
INFO: ReadHtmlCache Behavior ::run [ RunTime:0.002241s ]
INFO: [ app_begin ] --END-- [ RunTime:0.002461s ]
SQL: SHOW COLUMNS FROM `t_monkey_cms_index` [ RunTime:0.051953s ]
SQL: SELECT * FROM `t_monkey_cms_index` WHERE ( status=1 ) ORDER BY weight DESC  [ RunTime:0.033659s ]
SQL: SHOW COLUMNS FROM `t_monkey_coupon_info` [ RunTime:0.029000s ]
SQL: SELECT * FROM `t_monkey_coupon_info` WHERE ( coupon_id IN (1,2) )  [ RunTime:0.000842s ]
SQL: SHOW COLUMNS FROM `t_monkey_news` [ RunTime:0.043699s ]
SQL: SELECT * FROM `t_monkey_news` WHERE ( news_id IN (1,5,4,3,2,6) )  [ RunTime:0.000921s ]
SQL: SHOW COLUMNS FROM monkey.t_monkey_ad [ RunTime:0.016144s ]
SQL: SELECT * FROM monkey.t_monkey_ad WHERE ( id IN (1,2,3) )  [ RunTime:0.000534s ]
SQL: SHOW COLUMNS FROM `t_monkey_partner_info` [ RunTime:0.066075s ]
SQL: SELECT * FROM `t_monkey_partner_info` WHERE ( partner_id IN (1,2,3,4,5,6,7,8,9) )  [ RunTime:0.001270s ]
SQL: SHOW COLUMNS FROM `t_monkey_partner_picture` [ RunTime:0.033975s ]
SQL: SELECT * FROM `t_monkey_partner_picture` WHERE ( partner_id IN (1,2,3,4,5,6,7,8,9) )  [ RunTime:0.009585s ]
SQL: SHOW COLUMNS FROM `t_monkey_partner_info` [ RunTime:0.006948s ]
SQL: SELECT * FROM `t_monkey_partner_info` WHERE ( partner_id IN (5,6,1,2,3,4) )  [ RunTime:0.000916s ]
SQL: SHOW COLUMNS FROM `t_monkey_partner_picture` [ RunTime:0.007004s ]
SQL: SELECT * FROM `t_monkey_partner_picture` WHERE ( partner_id IN (5,6,1,2,3,4) )  [ RunTime:0.000828s ]
SQL: SHOW COLUMNS FROM `t_monkey_partner_evaluation` [ RunTime:0.022834s ]
SQL: SELECT * FROM `t_monkey_partner_evaluation` WHERE ( evaluation_type = '0' ) ORDER BY createtime DESC  [ RunTime:0.000857s ]
SQL: SHOW COLUMNS FROM `t_monkey_user_profile` [ RunTime:0.103841s ]
SQL: SELECT * FROM `t_monkey_user_profile` WHERE ( user_id IN (1,1,1,1) )  [ RunTime:0.001015s ]
SQL: SHOW COLUMNS FROM `t_monkey_partner_info` [ RunTime:0.006907s ]
SQL: SELECT * FROM `t_monkey_partner_info` WHERE ( partner_id IN (2,1,2,1) )  [ RunTime:0.000817s ]
INFO: [ view_parse ] --START--
NOTIC: [8] Undefined variable: card C:\wamp\www\trunk\App\Runtime\Cache\Home\5af3b772512f93bbed89b40e875139eb.php 第 373 行.
INFO: ParseTemplate Behavior ::run [ RunTime:0.250168s ]
INFO: [ view_parse ] --END-- [ RunTime:0.250458s ]
INFO: [ view_filter ] --START--
INFO: ContentReplace Behavior ::run [ RunTime:0.002809s ]
INFO: TokenBuild Behavior ::run [ RunTime:0.037000s ]
INFO: WriteHtmlCache Behavior ::run [ RunTime:0.020021s ]
INFO: ShowRuntime Behavior ::run [ RunTime:0.002945s ]
INFO: [ view_filter ] --END-- [ RunTime:0.063416s ]
INFO: [ view_end ] --START--
INFO: ShowPageTrace Behavior ::run [ RunTime:0.002493s ]
INFO: [ view_end ] --END-- [ RunTime:0.002704s ]

[ 2013-12-13T10:00:57+08:00 ] 127.0.0.1 /Trunk/index.php/Demo/demo.html
INFO: [ route_check ] --START--
INFO: CheckRoute Behavior ::run [ RunTime:0.001744s ]
INFO: [ route_check ] --END-- [ RunTime:0.001981s ]
INFO: [ app_begin ] --START--
INFO: ReadHtmlCache Behavior ::run [ RunTime:0.001556s ]
INFO: [ app_begin ] --END-- [ RunTime:0.001791s ]
NOTIC: [8] Constant THEME_NAME already defined C:\wamp\www\trunk\ThinkPHP\Lib\Core\View.class.php 第 223 行.
NOTIC: [8] Constant THEME_PATH already defined C:\wamp\www\trunk\ThinkPHP\Lib\Core\View.class.php 第 174 行.
NOTIC: [8] Constant APP_TMPL_PATH already defined C:\wamp\www\trunk\ThinkPHP\Lib\Core\View.class.php 第 175 行.
INFO: [ view_parse ] --START--
INFO: ParseTemplate Behavior ::run [ RunTime:0.016776s ]
INFO: [ view_parse ] --END-- [ RunTime:0.017050s ]
INFO: [ view_filter ] --START--
INFO: ContentReplace Behavior ::run [ RunTime:0.001507s ]
INFO: TokenBuild Behavior ::run [ RunTime:0.001394s ]
INFO: WriteHtmlCache Behavior ::run [ RunTime:0.001146s ]
INFO: ShowRuntime Behavior ::run [ RunTime:0.001609s ]
INFO: [ view_filter ] --END-- [ RunTime:0.006410s ]
INFO: [ view_end ] --START--
INFO: ShowPageTrace Behavior ::run [ RunTime:0.001765s ]
INFO: [ view_end ] --END-- [ RunTime:0.002001s ]

[ 2013-12-13T10:07:06+08:00 ] 127.0.0.1 /Trunk/index.php/
INFO: [ route_check ] --START--
INFO: CheckRoute Behavior ::run [ RunTime:0.001871s ]
INFO: [ route_check ] --END-- [ RunTime:0.002118s ]
INFO: [ app_begin ] --START--
INFO: ReadHtmlCache Behavior ::run [ RunTime:0.001905s ]
INFO: [ app_begin ] --END-- [ RunTime:0.002137s ]
SQL: SHOW COLUMNS FROM `t_monkey_cms_index` [ RunTime:0.004247s ]
SQL: SELECT * FROM `t_monkey_cms_index` WHERE ( status=1 ) ORDER BY weight DESC  [ RunTime:0.001042s ]
SQL: SHOW COLUMNS FROM `t_monkey_coupon_info` [ RunTime:0.004632s ]
SQL: SELECT * FROM `t_monkey_coupon_info` WHERE ( coupon_id IN (1,2) )  [ RunTime:0.000836s ]
SQL: SHOW COLUMNS FROM `t_monkey_news` [ RunTime:0.004005s ]
SQL: SELECT * FROM `t_monkey_news` WHERE ( news_id IN (1,5,4,3,2,6) )  [ RunTime:0.000832s ]
SQL: SHOW COLUMNS FROM monkey.t_monkey_ad [ RunTime:0.004173s ]
SQL: SELECT * FROM monkey.t_monkey_ad WHERE ( id IN (1,2,3) )  [ RunTime:0.000505s ]
SQL: SHOW COLUMNS FROM `t_monkey_partner_info` [ RunTime:0.004060s ]
SQL: SELECT * FROM `t_monkey_partner_info` WHERE ( partner_id IN (1,2,3,4,5,6,7,8,9) )  [ RunTime:0.000659s ]
SQL: SHOW COLUMNS FROM `t_monkey_partner_picture` [ RunTime:0.003940s ]
SQL: SELECT * FROM `t_monkey_partner_picture` WHERE ( partner_id IN (1,2,3,4,5,6,7,8,9) )  [ RunTime:0.000634s ]
SQL: SHOW COLUMNS FROM `t_monkey_partner_info` [ RunTime:0.004057s ]
SQL: SELECT * FROM `t_monkey_partner_info` WHERE ( partner_id IN (5,6,1,2,3,4) )  [ RunTime:0.000654s ]
SQL: SHOW COLUMNS FROM `t_monkey_partner_picture` [ RunTime:0.004011s ]
SQL: SELECT * FROM `t_monkey_partner_picture` WHERE ( partner_id IN (5,6,1,2,3,4) )  [ RunTime:0.000485s ]
SQL: SHOW COLUMNS FROM `t_monkey_partner_evaluation` [ RunTime:0.005152s ]
SQL: SELECT * FROM `t_monkey_partner_evaluation` WHERE ( evaluation_type = '0' ) ORDER BY createtime DESC  [ RunTime:0.000908s ]
SQL: SHOW COLUMNS FROM `t_monkey_user_profile` [ RunTime:0.006584s ]
SQL: SELECT * FROM `t_monkey_user_profile` WHERE ( user_id IN (1,1,1,1) )  [ RunTime:0.000843s ]
SQL: SHOW COLUMNS FROM `t_monkey_partner_info` [ RunTime:0.003998s ]
SQL: SELECT * FROM `t_monkey_partner_info` WHERE ( partner_id IN (2,1,2,1) )  [ RunTime:0.000529s ]
INFO: [ view_parse ] --START--
NOTIC: [8] Undefined variable: card C:\wamp\www\trunk\App\Runtime\Cache\Home\5af3b772512f93bbed89b40e875139eb.php 第 373 行.
INFO: ParseTemplate Behavior ::run [ RunTime:0.045383s ]
INFO: [ view_parse ] --END-- [ RunTime:0.045613s ]
INFO: [ view_filter ] --START--
INFO: ContentReplace Behavior ::run [ RunTime:0.001786s ]
INFO: TokenBuild Behavior ::run [ RunTime:0.001534s ]
INFO: WriteHtmlCache Behavior ::run [ RunTime:0.001234s ]
INFO: ShowRuntime Behavior ::run [ RunTime:0.001602s ]
INFO: [ view_filter ] --END-- [ RunTime:0.006953s ]
INFO: [ view_end ] --START--
INFO: ShowPageTrace Behavior ::run [ RunTime:0.001541s ]
INFO: [ view_end ] --END-- [ RunTime:0.001760s ]

[ 2013-12-13T10:08:11+08:00 ] 127.0.0.1 /Trunk/index.php/Demo/demo.html
INFO: [ route_check ] --START--
INFO: CheckRoute Behavior ::run [ RunTime:0.001987s ]
INFO: [ route_check ] --END-- [ RunTime:0.002579s ]
INFO: [ app_begin ] --START--
INFO: ReadHtmlCache Behavior ::run [ RunTime:0.001327s ]
INFO: [ app_begin ] --END-- [ RunTime:0.001545s ]
NOTIC: [8] Constant THEME_NAME already defined C:\wamp\www\trunk\ThinkPHP\Lib\Core\View.class.php 第 223 行.
NOTIC: [8] Constant THEME_PATH already defined C:\wamp\www\trunk\ThinkPHP\Lib\Core\View.class.php 第 174 行.
NOTIC: [8] Constant APP_TMPL_PATH already defined C:\wamp\www\trunk\ThinkPHP\Lib\Core\View.class.php 第 175 行.
INFO: [ view_parse ] --START--
INFO: ParseTemplate Behavior ::run [ RunTime:0.015247s ]
INFO: [ view_parse ] --END-- [ RunTime:0.015488s ]
INFO: [ view_filter ] --START--
INFO: ContentReplace Behavior ::run [ RunTime:0.001253s ]
INFO: TokenBuild Behavior ::run [ RunTime:0.001259s ]
INFO: WriteHtmlCache Behavior ::run [ RunTime:0.001132s ]
INFO: ShowRuntime Behavior ::run [ RunTime:0.001383s ]
INFO: [ view_filter ] --END-- [ RunTime:0.005721s ]
INFO: [ view_end ] --START--
INFO: ShowPageTrace Behavior ::run [ RunTime:0.001763s ]
INFO: [ view_end ] --END-- [ RunTime:0.001991s ]

[ 2013-12-13T10:08:55+08:00 ] 127.0.0.1 /Trunk/index.php/Demo/demo.html
INFO: [ route_check ] --START--
INFO: CheckRoute Behavior ::run [ RunTime:0.001828s ]
INFO: [ route_check ] --END-- [ RunTime:0.002067s ]
INFO: [ app_begin ] --START--
INFO: ReadHtmlCache Behavior ::run [ RunTime:0.001770s ]
INFO: [ app_begin ] --END-- [ RunTime:0.001976s ]
NOTIC: [8] Constant THEME_NAME already defined C:\wamp\www\trunk\ThinkPHP\Lib\Core\View.class.php 第 223 行.
NOTIC: [8] Constant THEME_PATH already defined C:\wamp\www\trunk\ThinkPHP\Lib\Core\View.class.php 第 174 行.
NOTIC: [8] Constant APP_TMPL_PATH already defined C:\wamp\www\trunk\ThinkPHP\Lib\Core\View.class.php 第 175 行.
INFO: [ view_parse ] --START--
INFO: ParseTemplate Behavior ::run [ RunTime:0.012515s ]
INFO: [ view_parse ] --END-- [ RunTime:0.013784s ]
INFO: [ view_filter ] --START--
INFO: ContentReplace Behavior ::run [ RunTime:0.001315s ]
INFO: TokenBuild Behavior ::run [ RunTime:0.001234s ]
INFO: WriteHtmlCache Behavior ::run [ RunTime:0.001029s ]
INFO: ShowRuntime Behavior ::run [ RunTime:0.001375s ]
INFO: [ view_filter ] --END-- [ RunTime:0.005586s ]
INFO: [ view_end ] --START--
INFO: ShowPageTrace Behavior ::run [ RunTime:0.001764s ]
INFO: [ view_end ] --END-- [ RunTime:0.002010s ]

[ 2013-12-13T10:10:32+08:00 ] 127.0.0.1 /Trunk/index.php/
INFO: [ route_check ] --START--
INFO: CheckRoute Behavior ::run [ RunTime:0.001693s ]
INFO: [ route_check ] --END-- [ RunTime:0.001934s ]
INFO: [ app_begin ] --START--
INFO: ReadHtmlCache Behavior ::run [ RunTime:0.001565s ]
INFO: [ app_begin ] --END-- [ RunTime:0.001849s ]
SQL: SHOW COLUMNS FROM `t_monkey_cms_index` [ RunTime:0.004251s ]
SQL: SELECT * FROM `t_monkey_cms_index` WHERE ( status=1 ) ORDER BY weight DESC  [ RunTime:0.001005s ]
SQL: SHOW COLUMNS FROM `t_monkey_coupon_info` [ RunTime:0.004389s ]
SQL: SELECT * FROM `t_monkey_coupon_info` WHERE ( coupon_id IN (1,2) )  [ RunTime:0.000994s ]
SQL: SHOW COLUMNS FROM `t_monkey_news` [ RunTime:0.004155s ]
SQL: SELECT * FROM `t_monkey_news` WHERE ( news_id IN (1,5,4,3,2,6) )  [ RunTime:0.000508s ]
SQL: SHOW COLUMNS FROM monkey.t_monkey_ad [ RunTime:0.003905s ]
SQL: SELECT * FROM monkey.t_monkey_ad WHERE ( id IN (1,2,3) )  [ RunTime:0.000497s ]
SQL: SHOW COLUMNS FROM `t_monkey_partner_info` [ RunTime:0.005443s ]
SQL: SELECT * FROM `t_monkey_partner_info` WHERE ( partner_id IN (1,2,3,4,5,6,7,8,9) )  [ RunTime:0.001053s ]
SQL: SHOW COLUMNS FROM `t_monkey_partner_picture` [ RunTime:0.004252s ]
SQL: SELECT * FROM `t_monkey_partner_picture` WHERE ( partner_id IN (1,2,3,4,5,6,7,8,9) )  [ RunTime:0.000664s ]
SQL: SHOW COLUMNS FROM `t_monkey_partner_info` [ RunTime:0.004443s ]
SQL: SELECT * FROM `t_monkey_partner_info` WHERE ( partner_id IN (5,6,1,2,3,4) )  [ RunTime:0.001633s ]
SQL: SHOW COLUMNS FROM `t_monkey_partner_picture` [ RunTime:0.003985s ]
SQL: SELECT * FROM `t_monkey_partner_picture` WHERE ( partner_id IN (5,6,1,2,3,4) )  [ RunTime:0.000566s ]
SQL: SHOW COLUMNS FROM `t_monkey_partner_evaluation` [ RunTime:0.004656s ]
SQL: SELECT * FROM `t_monkey_partner_evaluation` WHERE ( evaluation_type = '0' ) ORDER BY createtime DESC  [ RunTime:0.000922s ]
SQL: SHOW COLUMNS FROM `t_monkey_user_profile` [ RunTime:0.004409s ]
SQL: SELECT * FROM `t_monkey_user_profile` WHERE ( user_id IN (1,1,1,1) )  [ RunTime:0.000717s ]
SQL: SHOW COLUMNS FROM `t_monkey_partner_info` [ RunTime:0.004539s ]
SQL: SELECT * FROM `t_monkey_partner_info` WHERE ( partner_id IN (2,1,2,1) )  [ RunTime:0.000638s ]
INFO: [ view_parse ] --START--
NOTIC: [8] Undefined variable: card C:\wamp\www\trunk\App\Runtime\Cache\Home\5af3b772512f93bbed89b40e875139eb.php 第 373 行.
INFO: ParseTemplate Behavior ::run [ RunTime:0.043317s ]
INFO: [ view_parse ] --END-- [ RunTime:0.043528s ]
INFO: [ view_filter ] --START--
INFO: ContentReplace Behavior ::run [ RunTime:0.002124s ]
INFO: TokenBuild Behavior ::run [ RunTime:0.001262s ]
INFO: WriteHtmlCache Behavior ::run [ RunTime:0.000902s ]
INFO: ShowRuntime Behavior ::run [ RunTime:0.001314s ]
INFO: [ view_filter ] --END-- [ RunTime:0.006197s ]
INFO: [ view_end ] --START--
INFO: ShowPageTrace Behavior ::run [ RunTime:0.001343s ]
INFO: [ view_end ] --END-- [ RunTime:0.001538s ]

[ 2013-12-13T10:20:25+08:00 ] 127.0.0.1 /Trunk/index.php/Demo/demo.html
INFO: [ route_check ] --START--
INFO: CheckRoute Behavior ::run [ RunTime:0.001733s ]
INFO: [ route_check ] --END-- [ RunTime:0.001965s ]
INFO: [ app_begin ] --START--
INFO: ReadHtmlCache Behavior ::run [ RunTime:0.001400s ]
INFO: [ app_begin ] --END-- [ RunTime:0.001694s ]
NOTIC: [8] Constant THEME_NAME already defined C:\wamp\www\trunk\ThinkPHP\Lib\Core\View.class.php 第 223 行.
NOTIC: [8] Constant THEME_PATH already defined C:\wamp\www\trunk\ThinkPHP\Lib\Core\View.class.php 第 174 行.
NOTIC: [8] Constant APP_TMPL_PATH already defined C:\wamp\www\trunk\ThinkPHP\Lib\Core\View.class.php 第 175 行.
INFO: [ view_parse ] --START--
INFO: ParseTemplate Behavior ::run [ RunTime:0.014734s ]
INFO: [ view_parse ] --END-- [ RunTime:0.014988s ]
INFO: [ view_filter ] --START--
INFO: ContentReplace Behavior ::run [ RunTime:0.001136s ]
INFO: TokenBuild Behavior ::run [ RunTime:0.001109s ]
INFO: WriteHtmlCache Behavior ::run [ RunTime:0.000909s ]
INFO: ShowRuntime Behavior ::run [ RunTime:0.002371s ]
INFO: [ view_filter ] --END-- [ RunTime:0.006095s ]
INFO: [ view_end ] --START--
INFO: ShowPageTrace Behavior ::run [ RunTime:0.003238s ]
INFO: [ view_end ] --END-- [ RunTime:0.003463s ]

[ 2013-12-13T10:20:49+08:00 ] 127.0.0.1 /Trunk/index.php/Demo/demo.html
INFO: [ route_check ] --START--
INFO: CheckRoute Behavior ::run [ RunTime:0.001548s ]
INFO: [ route_check ] --END-- [ RunTime:0.001776s ]
INFO: [ app_begin ] --START--
INFO: ReadHtmlCache Behavior ::run [ RunTime:0.001570s ]
INFO: [ app_begin ] --END-- [ RunTime:0.001781s ]
NOTIC: [8] Constant THEME_NAME already defined C:\wamp\www\trunk\ThinkPHP\Lib\Core\View.class.php 第 223 行.
NOTIC: [8] Constant THEME_PATH already defined C:\wamp\www\trunk\ThinkPHP\Lib\Core\View.class.php 第 174 行.
NOTIC: [8] Constant APP_TMPL_PATH already defined C:\wamp\www\trunk\ThinkPHP\Lib\Core\View.class.php 第 175 行.
INFO: [ view_parse ] --START--
INFO: ParseTemplate Behavior ::run [ RunTime:0.012748s ]
INFO: [ view_parse ] --END-- [ RunTime:0.013038s ]
INFO: [ view_filter ] --START--
INFO: ContentReplace Behavior ::run [ RunTime:0.001269s ]
INFO: TokenBuild Behavior ::run [ RunTime:0.001233s ]
INFO: WriteHtmlCache Behavior ::run [ RunTime:0.001001s ]
INFO: ShowRuntime Behavior ::run [ RunTime:0.001515s ]
INFO: [ view_filter ] --END-- [ RunTime:0.005653s ]
INFO: [ view_end ] --START--
INFO: ShowPageTrace Behavior ::run [ RunTime:0.001701s ]
INFO: [ view_end ] --END-- [ RunTime:0.001927s ]

[ 2013-12-13T10:20:56+08:00 ] 127.0.0.1 /Trunk/index.php/Demo/demo.html
INFO: [ route_check ] --START--
INFO: CheckRoute Behavior ::run [ RunTime:0.001377s ]
INFO: [ route_check ] --END-- [ RunTime:0.001618s ]
INFO: [ app_begin ] --START--
INFO: ReadHtmlCache Behavior ::run [ RunTime:0.001185s ]
INFO: [ app_begin ] --END-- [ RunTime:0.001397s ]
NOTIC: [8] Constant THEME_NAME already defined C:\wamp\www\trunk\ThinkPHP\Lib\Core\View.class.php 第 223 行.
NOTIC: [8] Constant THEME_PATH already defined C:\wamp\www\trunk\ThinkPHP\Lib\Core\View.class.php 第 174 行.
NOTIC: [8] Constant APP_TMPL_PATH already defined C:\wamp\www\trunk\ThinkPHP\Lib\Core\View.class.php 第 175 行.
INFO: [ view_parse ] --START--
INFO: ParseTemplate Behavior ::run [ RunTime:0.011304s ]
INFO: [ view_parse ] --END-- [ RunTime:0.011657s ]
INFO: [ view_filter ] --START--
INFO: ContentReplace Behavior ::run [ RunTime:0.000988s ]
INFO: TokenBuild Behavior ::run [ RunTime:0.000949s ]
INFO: WriteHtmlCache Behavior ::run [ RunTime:0.000778s ]
INFO: ShowRuntime Behavior ::run [ RunTime:0.001056s ]
INFO: [ view_filter ] --END-- [ RunTime:0.004403s ]
INFO: [ view_end ] --START--
INFO: ShowPageTrace Behavior ::run [ RunTime:0.001456s ]
INFO: [ view_end ] --END-- [ RunTime:0.001683s ]

[ 2013-12-13T10:21:35+08:00 ] 127.0.0.1 /Trunk/index.php/Demo/demo.html
INFO: [ route_check ] --START--
INFO: CheckRoute Behavior ::run [ RunTime:0.001510s ]
INFO: [ route_check ] --END-- [ RunTime:0.001733s ]
INFO: [ app_begin ] --START--
INFO: ReadHtmlCache Behavior ::run [ RunTime:0.001293s ]
INFO: [ app_begin ] --END-- [ RunTime:0.001498s ]
NOTIC: [8] Constant THEME_NAME already defined C:\wamp\www\trunk\ThinkPHP\Lib\Core\View.class.php 第 223 行.
NOTIC: [8] Constant THEME_PATH already defined C:\wamp\www\trunk\ThinkPHP\Lib\Core\View.class.php 第 174 行.
NOTIC: [8] Constant APP_TMPL_PATH already defined C:\wamp\www\trunk\ThinkPHP\Lib\Core\View.class.php 第 175 行.
INFO: [ view_parse ] --START--
INFO: ParseTemplate Behavior ::run [ RunTime:0.012747s ]
INFO: [ view_parse ] --END-- [ RunTime:0.013016s ]
INFO: [ view_filter ] --START--
INFO: ContentReplace Behavior ::run [ RunTime:0.001833s ]
INFO: TokenBuild Behavior ::run [ RunTime:0.001231s ]
INFO: WriteHtmlCache Behavior ::run [ RunTime:0.001061s ]
INFO: ShowRuntime Behavior ::run [ RunTime:0.001413s ]
INFO: [ view_filter ] --END-- [ RunTime:0.006198s ]
INFO: [ view_end ] --START--
INFO: ShowPageTrace Behavior ::run [ RunTime:0.003321s ]
INFO: [ view_end ] --END-- [ RunTime:0.003561s ]

[ 2013-12-13T10:21:36+08:00 ] 127.0.0.1 /Trunk/index.php/Demo/demo.html?firstname=&email=&password=&confirm_password=
INFO: [ route_check ] --START--
INFO: CheckRoute Behavior ::run [ RunTime:0.001641s ]
INFO: [ route_check ] --END-- [ RunTime:0.001900s ]
INFO: [ app_begin ] --START--
INFO: ReadHtmlCache Behavior ::run [ RunTime:0.001479s ]
INFO: [ app_begin ] --END-- [ RunTime:0.001718s ]
NOTIC: [8] Constant THEME_NAME already defined C:\wamp\www\trunk\ThinkPHP\Lib\Core\View.class.php 第 223 行.
NOTIC: [8] Constant THEME_PATH already defined C:\wamp\www\trunk\ThinkPHP\Lib\Core\View.class.php 第 174 行.
NOTIC: [8] Constant APP_TMPL_PATH already defined C:\wamp\www\trunk\ThinkPHP\Lib\Core\View.class.php 第 175 行.
INFO: [ view_parse ] --START--
INFO: ParseTemplate Behavior ::run [ RunTime:0.012088s ]
INFO: [ view_parse ] --END-- [ RunTime:0.012324s ]
INFO: [ view_filter ] --START--
INFO: ContentReplace Behavior ::run [ RunTime:0.001237s ]
INFO: TokenBuild Behavior ::run [ RunTime:0.001235s ]
INFO: WriteHtmlCache Behavior ::run [ RunTime:0.000988s ]
INFO: ShowRuntime Behavior ::run [ RunTime:0.001542s ]
INFO: [ view_filter ] --END-- [ RunTime:0.005624s ]
INFO: [ view_end ] --START--
INFO: ShowPageTrace Behavior ::run [ RunTime:0.001863s ]
INFO: [ view_end ] --END-- [ RunTime:0.002090s ]

[ 2013-12-13T10:21:37+08:00 ] 127.0.0.1 /Trunk/index.php/Demo/demo.html?firstname=&email=&password=&confirm_password=
INFO: [ route_check ] --START--
INFO: CheckRoute Behavior ::run [ RunTime:0.001537s ]
INFO: [ route_check ] --END-- [ RunTime:0.001787s ]
INFO: [ app_begin ] --START--
INFO: ReadHtmlCache Behavior ::run [ RunTime:0.001240s ]
INFO: [ app_begin ] --END-- [ RunTime:0.001434s ]
NOTIC: [8] Constant THEME_NAME already defined C:\wamp\www\trunk\ThinkPHP\Lib\Core\View.class.php 第 223 行.
NOTIC: [8] Constant THEME_PATH already defined C:\wamp\www\trunk\ThinkPHP\Lib\Core\View.class.php 第 174 行.
NOTIC: [8] Constant APP_TMPL_PATH already defined C:\wamp\www\trunk\ThinkPHP\Lib\Core\View.class.php 第 175 行.
INFO: [ view_parse ] --START--
INFO: ParseTemplate Behavior ::run [ RunTime:0.012009s ]
INFO: [ view_parse ] --END-- [ RunTime:0.012251s ]
INFO: [ view_filter ] --START--
INFO: ContentReplace Behavior ::run [ RunTime:0.001329s ]
INFO: TokenBuild Behavior ::run [ RunTime:0.001340s ]
INFO: WriteHtmlCache Behavior ::run [ RunTime:0.001003s ]
INFO: ShowRuntime Behavior ::run [ RunTime:0.001294s ]
INFO: [ view_filter ] --END-- [ RunTime:0.005836s ]
INFO: [ view_end ] --START--
INFO: ShowPageTrace Behavior ::run [ RunTime:0.001700s ]
INFO: [ view_end ] --END-- [ RunTime:0.001923s ]

[ 2013-12-13T10:22:00+08:00 ] 127.0.0.1 /Trunk/index.php/Demo/demo.html?firstname=&email=&password=&confirm_password=
INFO: [ route_check ] --START--
INFO: CheckRoute Behavior ::run [ RunTime:0.001403s ]
INFO: [ route_check ] --END-- [ RunTime:0.001619s ]
INFO: [ app_begin ] --START--
INFO: ReadHtmlCache Behavior ::run [ RunTime:0.001327s ]
INFO: [ app_begin ] --END-- [ RunTime:0.001683s ]
NOTIC: [8] Constant THEME_NAME already defined C:\wamp\www\trunk\ThinkPHP\Lib\Core\View.class.php 第 223 行.
NOTIC: [8] Constant THEME_PATH already defined C:\wamp\www\trunk\ThinkPHP\Lib\Core\View.class.php 第 174 行.
NOTIC: [8] Constant APP_TMPL_PATH already defined C:\wamp\www\trunk\ThinkPHP\Lib\Core\View.class.php 第 175 行.
INFO: [ view_parse ] --START--
INFO: ParseTemplate Behavior ::run [ RunTime:0.012536s ]
INFO: [ view_parse ] --END-- [ RunTime:0.012779s ]
INFO: [ view_filter ] --START--
INFO: ContentReplace Behavior ::run [ RunTime:0.001310s ]
INFO: TokenBuild Behavior ::run [ RunTime:0.001222s ]
INFO: WriteHtmlCache Behavior ::run [ RunTime:0.001035s ]
INFO: ShowRuntime Behavior ::run [ RunTime:0.001308s ]
INFO: [ view_filter ] --END-- [ RunTime:0.005773s ]
INFO: [ view_end ] --START--
INFO: ShowPageTrace Behavior ::run [ RunTime:0.001642s ]
INFO: [ view_end ] --END-- [ RunTime:0.002710s ]

[ 2013-12-13T10:23:14+08:00 ] 127.0.0.1 /Trunk/index.php/Demo/demo.html?firstname=&email=&password=&confirm_password=
INFO: [ route_check ] --START--
INFO: CheckRoute Behavior ::run [ RunTime:0.001640s ]
INFO: [ route_check ] --END-- [ RunTime:0.001887s ]
INFO: [ app_begin ] --START--
INFO: ReadHtmlCache Behavior ::run [ RunTime:0.001115s ]
INFO: [ app_begin ] --END-- [ RunTime:0.001349s ]
NOTIC: [8] Constant THEME_NAME already defined C:\wamp\www\trunk\ThinkPHP\Lib\Core\View.class.php 第 223 行.
NOTIC: [8] Constant THEME_PATH already defined C:\wamp\www\trunk\ThinkPHP\Lib\Core\View.class.php 第 174 行.
NOTIC: [8] Constant APP_TMPL_PATH already defined C:\wamp\www\trunk\ThinkPHP\Lib\Core\View.class.php 第 175 行.
INFO: [ view_parse ] --START--
INFO: ParseTemplate Behavior ::run [ RunTime:0.010765s ]
INFO: [ view_parse ] --END-- [ RunTime:0.010999s ]
INFO: [ view_filter ] --START--
INFO: ContentReplace Behavior ::run [ RunTime:0.000967s ]
INFO: TokenBuild Behavior ::run [ RunTime:0.001009s ]
INFO: WriteHtmlCache Behavior ::run [ RunTime:0.000699s ]
INFO: ShowRuntime Behavior ::run [ RunTime:0.001129s ]
INFO: [ view_filter ] --END-- [ RunTime:0.004408s ]
INFO: [ view_end ] --START--
INFO: ShowPageTrace Behavior ::run [ RunTime:0.001386s ]
INFO: [ view_end ] --END-- [ RunTime:0.001621s ]

[ 2013-12-13T10:23:49+08:00 ] 127.0.0.1 /Trunk/index.php/Demo/demo.html?firstname=&email=&password=&confirm_password=
INFO: [ route_check ] --START--
INFO: CheckRoute Behavior ::run [ RunTime:0.002341s ]
INFO: [ route_check ] --END-- [ RunTime:0.002593s ]
INFO: [ app_begin ] --START--
INFO: ReadHtmlCache Behavior ::run [ RunTime:0.001378s ]
INFO: [ app_begin ] --END-- [ RunTime:0.001606s ]
NOTIC: [8] Constant THEME_NAME already defined C:\wamp\www\trunk\ThinkPHP\Lib\Core\View.class.php 第 223 行.
NOTIC: [8] Constant THEME_PATH already defined C:\wamp\www\trunk\ThinkPHP\Lib\Core\View.class.php 第 174 行.
NOTIC: [8] Constant APP_TMPL_PATH already defined C:\wamp\www\trunk\ThinkPHP\Lib\Core\View.class.php 第 175 行.
INFO: [ view_parse ] --START--
INFO: ParseTemplate Behavior ::run [ RunTime:0.013511s ]
INFO: [ view_parse ] --END-- [ RunTime:0.013759s ]
INFO: [ view_filter ] --START--
INFO: ContentReplace Behavior ::run [ RunTime:0.001139s ]
INFO: TokenBuild Behavior ::run [ RunTime:0.001081s ]
INFO: WriteHtmlCache Behavior ::run [ RunTime:0.000849s ]
INFO: ShowRuntime Behavior ::run [ RunTime:0.001381s ]
INFO: [ view_filter ] --END-- [ RunTime:0.005075s ]
INFO: [ view_end ] --START--
INFO: ShowPageTrace Behavior ::run [ RunTime:0.001444s ]
INFO: [ view_end ] --END-- [ RunTime:0.001823s ]

[ 2013-12-13T10:25:08+08:00 ] 127.0.0.1 /Trunk/index.php/Demo/demo.html?firstname=&email=&password=&confirm_password=
INFO: [ route_check ] --START--
INFO: CheckRoute Behavior ::run [ RunTime:0.001051s ]
INFO: [ route_check ] --END-- [ RunTime:0.001273s ]
INFO: [ app_begin ] --START--
INFO: ReadHtmlCache Behavior ::run [ RunTime:0.001018s ]
INFO: [ app_begin ] --END-- [ RunTime:0.001238s ]
NOTIC: [8] Constant THEME_NAME already defined C:\wamp\www\trunk\ThinkPHP\Lib\Core\View.class.php 第 223 行.
NOTIC: [8] Constant THEME_PATH already defined C:\wamp\www\trunk\ThinkPHP\Lib\Core\View.class.php 第 174 行.
NOTIC: [8] Constant APP_TMPL_PATH already defined C:\wamp\www\trunk\ThinkPHP\Lib\Core\View.class.php 第 175 行.
INFO: [ view_parse ] --START--
INFO: ParseTemplate Behavior ::run [ RunTime:0.010166s ]
INFO: [ view_parse ] --END-- [ RunTime:0.010399s ]
INFO: [ view_filter ] --START--
INFO: ContentReplace Behavior ::run [ RunTime:0.001676s ]
INFO: TokenBuild Behavior ::run [ RunTime:0.000896s ]
INFO: WriteHtmlCache Behavior ::run [ RunTime:0.000637s ]
INFO: ShowRuntime Behavior ::run [ RunTime:0.000926s ]
INFO: [ view_filter ] --END-- [ RunTime:0.004933s ]
INFO: [ view_end ] --START--
INFO: ShowPageTrace Behavior ::run [ RunTime:0.001259s ]
INFO: [ view_end ] --END-- [ RunTime:0.001488s ]

[ 2013-12-13T10:25:22+08:00 ] 127.0.0.1 /Trunk/index.php/Demo/demo.html?firstname=&email=&password=&confirm_password=
INFO: [ route_check ] --START--
INFO: CheckRoute Behavior ::run [ RunTime:0.001376s ]
INFO: [ route_check ] --END-- [ RunTime:0.001654s ]
INFO: [ app_begin ] --START--
INFO: ReadHtmlCache Behavior ::run [ RunTime:0.001165s ]
INFO: [ app_begin ] --END-- [ RunTime:0.001376s ]
NOTIC: [8] Constant THEME_NAME already defined C:\wamp\www\trunk\ThinkPHP\Lib\Core\View.class.php 第 223 行.
NOTIC: [8] Constant THEME_PATH already defined C:\wamp\www\trunk\ThinkPHP\Lib\Core\View.class.php 第 174 行.
NOTIC: [8] Constant APP_TMPL_PATH already defined C:\wamp\www\trunk\ThinkPHP\Lib\Core\View.class.php 第 175 行.
INFO: [ view_parse ] --START--
INFO: ParseTemplate Behavior ::run [ RunTime:0.014259s ]
INFO: [ view_parse ] --END-- [ RunTime:0.014496s ]
INFO: [ view_filter ] --START--
INFO: ContentReplace Behavior ::run [ RunTime:0.001251s ]
INFO: TokenBuild Behavior ::run [ RunTime:0.001079s ]
INFO: WriteHtmlCache Behavior ::run [ RunTime:0.000886s ]
INFO: ShowRuntime Behavior ::run [ RunTime:0.001228s ]
INFO: [ view_filter ] --END-- [ RunTime:0.005100s ]
INFO: [ view_end ] --START--
INFO: ShowPageTrace Behavior ::run [ RunTime:0.002972s ]
INFO: [ view_end ] --END-- [ RunTime:0.003211s ]

[ 2013-12-13T10:29:27+08:00 ] 127.0.0.1 /Trunk/index.php/Demo/demo.html?firstname=&email=&password=&confirm_password=
INFO: [ route_check ] --START--
INFO: CheckRoute Behavior ::run [ RunTime:0.001661s ]
INFO: [ route_check ] --END-- [ RunTime:0.001894s ]
INFO: [ app_begin ] --START--
INFO: ReadHtmlCache Behavior ::run [ RunTime:0.001363s ]
INFO: [ app_begin ] --END-- [ RunTime:0.001568s ]
NOTIC: [8] Constant THEME_NAME already defined C:\wamp\www\trunk\ThinkPHP\Lib\Core\View.class.php 第 223 行.
NOTIC: [8] Constant THEME_PATH already defined C:\wamp\www\trunk\ThinkPHP\Lib\Core\View.class.php 第 174 行.
NOTIC: [8] Constant APP_TMPL_PATH already defined C:\wamp\www\trunk\ThinkPHP\Lib\Core\View.class.php 第 175 行.
INFO: [ view_parse ] --START--
INFO: ParseTemplate Behavior ::run [ RunTime:0.013066s ]
INFO: [ view_parse ] --END-- [ RunTime:0.013452s ]
INFO: [ view_filter ] --START--
INFO: ContentReplace Behavior ::run [ RunTime:0.001730s ]
INFO: TokenBuild Behavior ::run [ RunTime:0.001593s ]
INFO: WriteHtmlCache Behavior ::run [ RunTime:0.001212s ]
INFO: ShowRuntime Behavior ::run [ RunTime:0.001790s ]
INFO: [ view_filter ] --END-- [ RunTime:0.006950s ]
INFO: [ view_end ] --START--
INFO: ShowPageTrace Behavior ::run [ RunTime:0.001901s ]
INFO: [ view_end ] --END-- [ RunTime:0.002136s ]

[ 2013-12-13T10:29:43+08:00 ] 127.0.0.1 /Trunk/index.php/Demo/demo.html?firstname=&email=&password=&confirm_password=
INFO: [ route_check ] --START--
INFO: CheckRoute Behavior ::run [ RunTime:0.001619s ]
INFO: [ route_check ] --END-- [ RunTime:0.001860s ]
INFO: [ app_begin ] --START--
INFO: ReadHtmlCache Behavior ::run [ RunTime:0.001116s ]
INFO: [ app_begin ] --END-- [ RunTime:0.001325s ]
NOTIC: [8] Constant THEME_NAME already defined C:\wamp\www\trunk\ThinkPHP\Lib\Core\View.class.php 第 223 行.
NOTIC: [8] Constant THEME_PATH already defined C:\wamp\www\trunk\ThinkPHP\Lib\Core\View.class.php 第 174 行.
NOTIC: [8] Constant APP_TMPL_PATH already defined C:\wamp\www\trunk\ThinkPHP\Lib\Core\View.class.php 第 175 行.
INFO: [ view_parse ] --START--
INFO: ParseTemplate Behavior ::run [ RunTime:0.012749s ]
INFO: [ view_parse ] --END-- [ RunTime:0.012994s ]
INFO: [ view_filter ] --START--
INFO: ContentReplace Behavior ::run [ RunTime:0.001066s ]
INFO: TokenBuild Behavior ::run [ RunTime:0.001059s ]
INFO: WriteHtmlCache Behavior ::run [ RunTime:0.000857s ]
INFO: ShowRuntime Behavior ::run [ RunTime:0.001316s ]
INFO: [ view_filter ] --END-- [ RunTime:0.004941s ]
INFO: [ view_end ] --START--
INFO: ShowPageTrace Behavior ::run [ RunTime:0.001713s ]
INFO: [ view_end ] --END-- [ RunTime:0.001943s ]

[ 2013-12-13T10:33:27+08:00 ] 127.0.0.1 /Trunk/index.php/Demo/demo.html?firstname=&email=&password=&confirm_password=
INFO: [ route_check ] --START--
INFO: CheckRoute Behavior ::run [ RunTime:0.001762s ]
INFO: [ route_check ] --END-- [ RunTime:0.002030s ]
INFO: [ app_begin ] --START--
INFO: ReadHtmlCache Behavior ::run [ RunTime:0.001202s ]
INFO: [ app_begin ] --END-- [ RunTime:0.001450s ]
NOTIC: [8] Constant THEME_NAME already defined C:\wamp\www\trunk\ThinkPHP\Lib\Core\View.class.php 第 223 行.
NOTIC: [8] Constant THEME_PATH already defined C:\wamp\www\trunk\ThinkPHP\Lib\Core\View.class.php 第 174 行.
NOTIC: [8] Constant APP_TMPL_PATH already defined C:\wamp\www\trunk\ThinkPHP\Lib\Core\View.class.php 第 175 行.
INFO: [ view_parse ] --START--
INFO: ParseTemplate Behavior ::run [ RunTime:0.013209s ]
INFO: [ view_parse ] --END-- [ RunTime:0.013444s ]
INFO: [ view_filter ] --START--
INFO: ContentReplace Behavior ::run [ RunTime:0.000939s ]
INFO: TokenBuild Behavior ::run [ RunTime:0.000919s ]
INFO: WriteHtmlCache Behavior ::run [ RunTime:0.001036s ]
INFO: ShowRuntime Behavior ::run [ RunTime:0.001142s ]
INFO: [ view_filter ] --END-- [ RunTime:0.004643s ]
INFO: [ view_end ] --START--
INFO: ShowPageTrace Behavior ::run [ RunTime:0.002009s ]
INFO: [ view_end ] --END-- [ RunTime:0.002232s ]

[ 2013-12-13T10:33:28+08:00 ] 127.0.0.1 /Trunk/index.php/Demo/demo.html?firstname=&email=dadad%40111.com&password=&confirm_password=
INFO: [ route_check ] --START--
INFO: CheckRoute Behavior ::run [ RunTime:0.001214s ]
INFO: [ route_check ] --END-- [ RunTime:0.001451s ]
INFO: [ app_begin ] --START--
INFO: ReadHtmlCache Behavior ::run [ RunTime:0.000900s ]
INFO: [ app_begin ] --END-- [ RunTime:0.001101s ]
NOTIC: [8] Constant THEME_NAME already defined C:\wamp\www\trunk\ThinkPHP\Lib\Core\View.class.php 第 223 行.
NOTIC: [8] Constant THEME_PATH already defined C:\wamp\www\trunk\ThinkPHP\Lib\Core\View.class.php 第 174 行.
NOTIC: [8] Constant APP_TMPL_PATH already defined C:\wamp\www\trunk\ThinkPHP\Lib\Core\View.class.php 第 175 行.
INFO: [ view_parse ] --START--
INFO: ParseTemplate Behavior ::run [ RunTime:0.011042s ]
INFO: [ view_parse ] --END-- [ RunTime:0.011270s ]
INFO: [ view_filter ] --START--
INFO: ContentReplace Behavior ::run [ RunTime:0.000736s ]
INFO: TokenBuild Behavior ::run [ RunTime:0.000737s ]
INFO: WriteHtmlCache Behavior ::run [ RunTime:0.000539s ]
INFO: ShowRuntime Behavior ::run [ RunTime:0.000917s ]
INFO: [ view_filter ] --END-- [ RunTime:0.003482s ]
INFO: [ view_end ] --START--
INFO: ShowPageTrace Behavior ::run [ RunTime:0.000934s ]
INFO: [ view_end ] --END-- [ RunTime:0.001127s ]

[ 2013-12-13T10:33:29+08:00 ] 127.0.0.1 /Trunk/index.php/Demo/demo.html?firstname=&email=&password=&confirm_password=
INFO: [ route_check ] --START--
INFO: CheckRoute Behavior ::run [ RunTime:0.001098s ]
INFO: [ route_check ] --END-- [ RunTime:0.001327s ]
INFO: [ app_begin ] --START--
INFO: ReadHtmlCache Behavior ::run [ RunTime:0.000944s ]
INFO: [ app_begin ] --END-- [ RunTime:0.001151s ]
NOTIC: [8] Constant THEME_NAME already defined C:\wamp\www\trunk\ThinkPHP\Lib\Core\View.class.php 第 223 行.
NOTIC: [8] Constant THEME_PATH already defined C:\wamp\www\trunk\ThinkPHP\Lib\Core\View.class.php 第 174 行.
NOTIC: [8] Constant APP_TMPL_PATH already defined C:\wamp\www\trunk\ThinkPHP\Lib\Core\View.class.php 第 175 行.
INFO: [ view_parse ] --START--
INFO: ParseTemplate Behavior ::run [ RunTime:0.009981s ]
INFO: [ view_parse ] --END-- [ RunTime:0.010208s ]
INFO: [ view_filter ] --START--
INFO: ContentReplace Behavior ::run [ RunTime:0.000760s ]
INFO: TokenBuild Behavior ::run [ RunTime:0.000731s ]
INFO: WriteHtmlCache Behavior ::run [ RunTime:0.000494s ]
INFO: ShowRuntime Behavior ::run [ RunTime:0.000973s ]
INFO: [ view_filter ] --END-- [ RunTime:0.003508s ]
INFO: [ view_end ] --START--
INFO: ShowPageTrace Behavior ::run [ RunTime:0.001081s ]
INFO: [ view_end ] --END-- [ RunTime:0.001346s ]

[ 2013-12-13T10:33:30+08:00 ] 127.0.0.1 /Trunk/index.php/Demo/demo.html?firstname=&email=&password=&confirm_password=
INFO: [ route_check ] --START--
INFO: CheckRoute Behavior ::run [ RunTime:0.001105s ]
INFO: [ route_check ] --END-- [ RunTime:0.001337s ]
INFO: [ app_begin ] --START--
INFO: ReadHtmlCache Behavior ::run [ RunTime:0.000938s ]
INFO: [ app_begin ] --END-- [ RunTime:0.001153s ]
NOTIC: [8] Constant THEME_NAME already defined C:\wamp\www\trunk\ThinkPHP\Lib\Core\View.class.php 第 223 行.
NOTIC: [8] Constant THEME_PATH already defined C:\wamp\www\trunk\ThinkPHP\Lib\Core\View.class.php 第 174 行.
NOTIC: [8] Constant APP_TMPL_PATH already defined C:\wamp\www\trunk\ThinkPHP\Lib\Core\View.class.php 第 175 行.
INFO: [ view_parse ] --START--
INFO: ParseTemplate Behavior ::run [ RunTime:0.012900s ]
INFO: [ view_parse ] --END-- [ RunTime:0.013127s ]
INFO: [ view_filter ] --START--
INFO: ContentReplace Behavior ::run [ RunTime:0.000747s ]
INFO: TokenBuild Behavior ::run [ RunTime:0.000741s ]
INFO: WriteHtmlCache Behavior ::run [ RunTime:0.000498s ]
INFO: ShowRuntime Behavior ::run [ RunTime:0.000863s ]
INFO: [ view_filter ] --END-- [ RunTime:0.003385s ]
INFO: [ view_end ] --START--
INFO: ShowPageTrace Behavior ::run [ RunTime:0.002072s ]
INFO: [ view_end ] --END-- [ RunTime:0.002278s ]

[ 2013-12-13T10:33:43+08:00 ] 127.0.0.1 /Trunk/index.php/Demo/demo.html?firstname=&email=&password=&confirm_password=
INFO: [ route_check ] --START--
INFO: CheckRoute Behavior ::run [ RunTime:0.001172s ]
INFO: [ route_check ] --END-- [ RunTime:0.001455s ]
INFO: [ app_begin ] --START--
INFO: ReadHtmlCache Behavior ::run [ RunTime:0.000886s ]
INFO: [ app_begin ] --END-- [ RunTime:0.001083s ]
NOTIC: [8] Constant THEME_NAME already defined C:\wamp\www\trunk\ThinkPHP\Lib\Core\View.class.php 第 223 行.
NOTIC: [8] Constant THEME_PATH already defined C:\wamp\www\trunk\ThinkPHP\Lib\Core\View.class.php 第 174 行.
NOTIC: [8] Constant APP_TMPL_PATH already defined C:\wamp\www\trunk\ThinkPHP\Lib\Core\View.class.php 第 175 行.
INFO: [ view_parse ] --START--
INFO: ParseTemplate Behavior ::run [ RunTime:0.011236s ]
INFO: [ view_parse ] --END-- [ RunTime:0.011578s ]
INFO: [ view_filter ] --START--
INFO: ContentReplace Behavior ::run [ RunTime:0.000839s ]
INFO: TokenBuild Behavior ::run [ RunTime:0.000829s ]
INFO: WriteHtmlCache Behavior ::run [ RunTime:0.000570s ]
INFO: ShowRuntime Behavior ::run [ RunTime:0.002103s ]
INFO: [ view_filter ] --END-- [ RunTime:0.004974s ]
INFO: [ view_end ] --START--
INFO: ShowPageTrace Behavior ::run [ RunTime:0.001453s ]
INFO: [ view_end ] --END-- [ RunTime:0.002185s ]

[ 2013-12-13T10:38:52+08:00 ] 127.0.0.1 /Trunk/index.php/Demo/demo.html?firstname=&email=&password=&confirm_password=
INFO: [ route_check ] --START--
INFO: CheckRoute Behavior ::run [ RunTime:0.002160s ]
INFO: [ route_check ] --END-- [ RunTime:0.002428s ]
INFO: [ app_begin ] --START--
INFO: ReadHtmlCache Behavior ::run [ RunTime:0.001462s ]
INFO: [ app_begin ] --END-- [ RunTime:0.001680s ]
NOTIC: [8] Constant THEME_NAME already defined C:\wamp\www\trunk\ThinkPHP\Lib\Core\View.class.php 第 223 行.
NOTIC: [8] Constant THEME_PATH already defined C:\wamp\www\trunk\ThinkPHP\Lib\Core\View.class.php 第 174 行.
NOTIC: [8] Constant APP_TMPL_PATH already defined C:\wamp\www\trunk\ThinkPHP\Lib\Core\View.class.php 第 175 行.
INFO: [ view_parse ] --START--
INFO: ParseTemplate Behavior ::run [ RunTime:0.015395s ]
INFO: [ view_parse ] --END-- [ RunTime:0.015646s ]
INFO: [ view_filter ] --START--
INFO: ContentReplace Behavior ::run [ RunTime:0.001473s ]
INFO: TokenBuild Behavior ::run [ RunTime:0.001510s ]
INFO: WriteHtmlCache Behavior ::run [ RunTime:0.001299s ]
INFO: ShowRuntime Behavior ::run [ RunTime:0.001547s ]
INFO: [ view_filter ] --END-- [ RunTime:0.007822s ]
INFO: [ view_end ] --START--
INFO: ShowPageTrace Behavior ::run [ RunTime:0.001798s ]
INFO: [ view_end ] --END-- [ RunTime:0.002027s ]

[ 2013-12-13T11:13:29+08:00 ] 127.0.0.1 /Trunk/index.php/Demo/demo.html?firstname=&email=&password=&confirm_password=
INFO: [ route_check ] --START--
INFO: CheckRoute Behavior ::run [ RunTime:0.002039s ]
INFO: [ route_check ] --END-- [ RunTime:0.002324s ]
INFO: [ app_begin ] --START--
INFO: ReadHtmlCache Behavior ::run [ RunTime:0.001503s ]
INFO: [ app_begin ] --END-- [ RunTime:0.001712s ]
NOTIC: [8] Constant THEME_NAME already defined C:\wamp\www\trunk\ThinkPHP\Lib\Core\View.class.php 第 223 行.
NOTIC: [8] Constant THEME_PATH already defined C:\wamp\www\trunk\ThinkPHP\Lib\Core\View.class.php 第 174 行.
NOTIC: [8] Constant APP_TMPL_PATH already defined C:\wamp\www\trunk\ThinkPHP\Lib\Core\View.class.php 第 175 行.
INFO: [ view_parse ] --START--
INFO: ParseTemplate Behavior ::run [ RunTime:0.016074s ]
INFO: [ view_parse ] --END-- [ RunTime:0.016427s ]
INFO: [ view_filter ] --START--
INFO: ContentReplace Behavior ::run [ RunTime:0.001718s ]
INFO: TokenBuild Behavior ::run [ RunTime:0.001619s ]
INFO: WriteHtmlCache Behavior ::run [ RunTime:0.001541s ]
INFO: ShowRuntime Behavior ::run [ RunTime:0.001961s ]
INFO: [ view_filter ] --END-- [ RunTime:0.007528s ]
INFO: [ view_end ] --START--
INFO: ShowPageTrace Behavior ::run [ RunTime:0.001831s ]
INFO: [ view_end ] --END-- [ RunTime:0.002043s ]

[ 2013-12-13T11:13:35+08:00 ] 127.0.0.1 /Trunk/index.php/Demo/demo.html?firstname=&email=&password=&confirm_password=
INFO: [ route_check ] --START--
INFO: CheckRoute Behavior ::run [ RunTime:0.001789s ]
INFO: [ route_check ] --END-- [ RunTime:0.002033s ]
INFO: [ app_begin ] --START--
INFO: ReadHtmlCache Behavior ::run [ RunTime:0.001137s ]
INFO: [ app_begin ] --END-- [ RunTime:0.001349s ]
NOTIC: [8] Constant THEME_NAME already defined C:\wamp\www\trunk\ThinkPHP\Lib\Core\View.class.php 第 223 行.
NOTIC: [8] Constant THEME_PATH already defined C:\wamp\www\trunk\ThinkPHP\Lib\Core\View.class.php 第 174 行.
NOTIC: [8] Constant APP_TMPL_PATH already defined C:\wamp\www\trunk\ThinkPHP\Lib\Core\View.class.php 第 175 行.
INFO: [ view_parse ] --START--
INFO: ParseTemplate Behavior ::run [ RunTime:0.011842s ]
INFO: [ view_parse ] --END-- [ RunTime:0.012085s ]
INFO: [ view_filter ] --START--
INFO: ContentReplace Behavior ::run [ RunTime:0.000988s ]
INFO: TokenBuild Behavior ::run [ RunTime:0.001019s ]
INFO: WriteHtmlCache Behavior ::run [ RunTime:0.000766s ]
INFO: ShowRuntime Behavior ::run [ RunTime:0.001104s ]
INFO: [ view_filter ] --END-- [ RunTime:0.004541s ]
INFO: [ view_end ] --START--
INFO: ShowPageTrace Behavior ::run [ RunTime:0.001578s ]
INFO: [ view_end ] --END-- [ RunTime:0.001804s ]

