[ 2013-12-20T10:06:27+08:00 ] 127.0.0.1 /Trunk/index.php/Index/index
INFO: [ route_check ] --START--
INFO: CheckRoute Behavior ::run [ RunTime:0.001723s ]
INFO: [ route_check ] --END-- [ RunTime:0.001988s ]
INFO: [ app_begin ] --START--
INFO: ReadHtmlCache Behavior ::run [ RunTime:0.001383s ]
INFO: [ app_begin ] --END-- [ RunTime:0.001631s ]
SQL: SHOW COLUMNS FROM `t_monkey_cms_index` [ RunTime:0.006815s ]
SQL: SELECT * FROM `t_monkey_cms_index` WHERE ( status=1 ) ORDER BY weight DESC  [ RunTime:0.001259s ]
SQL: SHOW COLUMNS FROM `t_monkey_coupon_info` [ RunTime:0.005871s ]
SQL: SELECT * FROM `t_monkey_coupon_info` WHERE ( coupon_id IN (1,2) )  [ RunTime:0.000934s ]
SQL: SHOW COLUMNS FROM `t_monkey_news` [ RunTime:0.012813s ]
SQL: SELECT * FROM `t_monkey_news` WHERE ( news_id IN (1,5,4,3,2,6) )  [ RunTime:0.000693s ]
SQL: SHOW COLUMNS FROM monkey.t_monkey_ad [ RunTime:0.004701s ]
SQL: SELECT * FROM monkey.t_monkey_ad WHERE ( id IN (1,2,3) )  [ RunTime:0.000810s ]
SQL: SHOW COLUMNS FROM `t_monkey_partner_info` [ RunTime:0.004219s ]
SQL: SELECT * FROM `t_monkey_partner_info` WHERE ( partner_id IN (1,2,3,4,5,6,7,8,9) )  [ RunTime:0.000825s ]
SQL: SHOW COLUMNS FROM `t_monkey_partner_picture` [ RunTime:0.005323s ]
SQL: SELECT * FROM `t_monkey_partner_picture` WHERE ( partner_id IN (1,2,3,4,5,6,7,8,9) )  [ RunTime:0.000816s ]
SQL: SHOW COLUMNS FROM `t_monkey_partner_info` [ RunTime:0.005117s ]
SQL: SELECT * FROM `t_monkey_partner_info` WHERE ( partner_id IN (5,6,1,2,3,4) )  [ RunTime:0.000745s ]
SQL: SHOW COLUMNS FROM `t_monkey_partner_picture` [ RunTime:0.004675s ]
SQL: SELECT * FROM `t_monkey_partner_picture` WHERE ( partner_id IN (5,6,1,2,3,4) )  [ RunTime:0.000651s ]
SQL: SHOW COLUMNS FROM `t_monkey_partner_evaluation` [ RunTime:0.006043s ]
SQL: SELECT * FROM `t_monkey_partner_evaluation` WHERE ( evaluation_type = '0' ) ORDER BY createtime DESC  [ RunTime:0.000766s ]
SQL: SHOW COLUMNS FROM `t_monkey_user_profile` [ RunTime:0.005711s ]
SQL: SELECT * FROM `t_monkey_user_profile` WHERE ( user_id IN (1,1,1,1) )  [ RunTime:0.000950s ]
SQL: SHOW COLUMNS FROM `t_monkey_partner_info` [ RunTime:0.004025s ]
SQL: SELECT * FROM `t_monkey_partner_info` WHERE ( partner_id IN (2,1,2,1) )  [ RunTime:0.000681s ]
INFO: [ view_parse ] --START--
NOTIC: [8] Undefined variable: card C:\wamp\www\trunk\App\Runtime\Cache\Home\5af3b772512f93bbed89b40e875139eb.php 第 419 行.
INFO: ParseTemplate Behavior ::run [ RunTime:0.056752s ]
INFO: [ view_parse ] --END-- [ RunTime:0.057017s ]
INFO: [ view_filter ] --START--
INFO: ContentReplace Behavior ::run [ RunTime:0.001911s ]
INFO: TokenBuild Behavior ::run [ RunTime:0.001212s ]
INFO: WriteHtmlCache Behavior ::run [ RunTime:0.000962s ]
INFO: ShowRuntime Behavior ::run [ RunTime:0.005399s ]
INFO: [ view_filter ] --END-- [ RunTime:0.010172s ]
INFO: [ view_end ] --START--
INFO: ShowPageTrace Behavior ::run [ RunTime:0.001481s ]
INFO: [ view_end ] --END-- [ RunTime:0.001709s ]

