[ 2013-12-07T14:24:19+08:00 ] 127.0.0.1 /HuiGL/index.php/Index/index.html
INFO: [ route_check ] --START--
INFO: CheckRoute Behavior ::run [ RunTime:0.001667s ]
INFO: [ route_check ] --END-- [ RunTime:0.001938s ]
INFO: [ app_begin ] --START--
INFO: ReadHtmlCache Behavior ::run [ RunTime:0.001227s ]
INFO: [ app_begin ] --END-- [ RunTime:0.001476s ]
INFO: [ view_parse ] --START--
INFO: ParseTemplate Behavior ::run [ RunTime:0.030903s ]
INFO: [ view_parse ] --END-- [ RunTime:0.031344s ]
INFO: [ view_filter ] --START--
INFO: ContentReplace Behavior ::run [ RunTime:0.001270s ]
INFO: TokenBuild Behavior ::run [ RunTime:0.001093s ]
INFO: WriteHtmlCache Behavior ::run [ RunTime:0.000633s ]
INFO: ShowRuntime Behavior ::run [ RunTime:0.001012s ]
INFO: [ view_filter ] --END-- [ RunTime:0.004587s ]
INFO: [ view_end ] --START--
INFO: ShowPageTrace Behavior ::run [ RunTime:0.001049s ]
INFO: [ view_end ] --END-- [ RunTime:0.001704s ]

[ 2013-12-07T14:24:21+08:00 ] 127.0.0.1 /HuiGL/index.php/Index/index.html
INFO: [ route_check ] --START--
INFO: CheckRoute Behavior ::run [ RunTime:0.001327s ]
INFO: [ route_check ] --END-- [ RunTime:0.001592s ]
INFO: [ app_begin ] --START--
INFO: ReadHtmlCache Behavior ::run [ RunTime:0.001006s ]
INFO: [ app_begin ] --END-- [ RunTime:0.001241s ]
INFO: [ view_parse ] --START--
INFO: ParseTemplate Behavior ::run [ RunTime:0.026692s ]
INFO: [ view_parse ] --END-- [ RunTime:0.026924s ]
INFO: [ view_filter ] --START--
INFO: ContentReplace Behavior ::run [ RunTime:0.001335s ]
INFO: TokenBuild Behavior ::run [ RunTime:0.000891s ]
INFO: WriteHtmlCache Behavior ::run [ RunTime:0.000478s ]
INFO: ShowRuntime Behavior ::run [ RunTime:0.000920s ]
INFO: [ view_filter ] --END-- [ RunTime:0.004367s ]
INFO: [ view_end ] --START--
INFO: ShowPageTrace Behavior ::run [ RunTime:0.000938s ]
INFO: [ view_end ] --END-- [ RunTime:0.001138s ]

[ 2013-12-07T14:24:28+08:00 ] 127.0.0.1 /HuiGL/index.php/About/about.html
INFO: [ route_check ] --START--
INFO: CheckRoute Behavior ::run [ RunTime:0.001631s ]
INFO: [ route_check ] --END-- [ RunTime:0.001927s ]
INFO: [ app_begin ] --START--
INFO: ReadHtmlCache Behavior ::run [ RunTime:0.001595s ]
INFO: [ app_begin ] --END-- [ RunTime:0.001851s ]
INFO: [ view_parse ] --START--
INFO: ParseTemplate Behavior ::run [ RunTime:0.037105s ]
INFO: [ view_parse ] --END-- [ RunTime:0.037398s ]
INFO: [ view_filter ] --START--
INFO: ContentReplace Behavior ::run [ RunTime:0.001214s ]
INFO: TokenBuild Behavior ::run [ RunTime:0.001165s ]
INFO: WriteHtmlCache Behavior ::run [ RunTime:0.000883s ]
INFO: ShowRuntime Behavior ::run [ RunTime:0.001163s ]
INFO: [ view_filter ] --END-- [ RunTime:0.005168s ]
INFO: [ view_end ] --START--
INFO: ShowPageTrace Behavior ::run [ RunTime:0.001043s ]
INFO: [ view_end ] --END-- [ RunTime:0.001257s ]

[ 2013-12-07T14:24:31+08:00 ] 127.0.0.1 /HuiGL/index.php/Feedback/feedback.html
INFO: [ route_check ] --START--
INFO: CheckRoute Behavior ::run [ RunTime:0.001058s ]
INFO: [ route_check ] --END-- [ RunTime:0.001280s ]
INFO: [ app_begin ] --START--
INFO: ReadHtmlCache Behavior ::run [ RunTime:0.000937s ]
INFO: [ app_begin ] --END-- [ RunTime:0.001133s ]
INFO: [ view_parse ] --START--
INFO: ParseTemplate Behavior ::run [ RunTime:0.052948s ]
INFO: [ view_parse ] --END-- [ RunTime:0.053192s ]
INFO: [ view_filter ] --START--
INFO: ContentReplace Behavior ::run [ RunTime:0.000848s ]
INFO: TokenBuild Behavior ::run [ RunTime:0.000885s ]
INFO: WriteHtmlCache Behavior ::run [ RunTime:0.001517s ]
INFO: ShowRuntime Behavior ::run [ RunTime:0.000910s ]
INFO: [ view_filter ] --END-- [ RunTime:0.014253s ]
INFO: [ view_end ] --START--
INFO: ShowPageTrace Behavior ::run [ RunTime:0.000960s ]
INFO: [ view_end ] --END-- [ RunTime:0.001163s ]

[ 2013-12-07T14:24:34+08:00 ] 127.0.0.1 /HuiGL/index.php/Sitemap/sitemap.html
INFO: [ route_check ] --START--
INFO: CheckRoute Behavior ::run [ RunTime:0.001274s ]
INFO: [ route_check ] --END-- [ RunTime:0.001547s ]
INFO: [ app_begin ] --START--
INFO: ReadHtmlCache Behavior ::run [ RunTime:0.001030s ]
INFO: [ app_begin ] --END-- [ RunTime:0.001261s ]
INFO: [ view_parse ] --START--
INFO: ParseTemplate Behavior ::run [ RunTime:0.028884s ]
INFO: [ view_parse ] --END-- [ RunTime:0.029115s ]
INFO: [ view_filter ] --START--
INFO: ContentReplace Behavior ::run [ RunTime:0.001024s ]
INFO: TokenBuild Behavior ::run [ RunTime:0.000729s ]
INFO: WriteHtmlCache Behavior ::run [ RunTime:0.000545s ]
INFO: ShowRuntime Behavior ::run [ RunTime:0.000974s ]
INFO: [ view_filter ] --END-- [ RunTime:0.003839s ]
INFO: [ view_end ] --START--
INFO: ShowPageTrace Behavior ::run [ RunTime:0.001014s ]
INFO: [ view_end ] --END-- [ RunTime:0.001215s ]

[ 2013-12-07T14:24:37+08:00 ] 127.0.0.1 /HuiGL/index.php/Contactus/contactus.html
INFO: [ route_check ] --START--
INFO: CheckRoute Behavior ::run [ RunTime:0.001392s ]
INFO: [ route_check ] --END-- [ RunTime:0.001666s ]
INFO: [ app_begin ] --START--
INFO: ReadHtmlCache Behavior ::run [ RunTime:0.001043s ]
INFO: [ app_begin ] --END-- [ RunTime:0.001285s ]
NOTIC: [8] Constant THEME_NAME already defined C:\wamp\www\HuiGL\ThinkPHP\Lib\Core\View.class.php 第 223 行.
NOTIC: [8] Constant THEME_PATH already defined C:\wamp\www\HuiGL\ThinkPHP\Lib\Core\View.class.php 第 174 行.
NOTIC: [8] Constant APP_TMPL_PATH already defined C:\wamp\www\HuiGL\ThinkPHP\Lib\Core\View.class.php 第 175 行.
INFO: [ view_parse ] --START--
INFO: ParseTemplate Behavior ::run [ RunTime:0.043558s ]
INFO: [ view_parse ] --END-- [ RunTime:0.043818s ]
INFO: [ view_filter ] --START--
INFO: ContentReplace Behavior ::run [ RunTime:0.001078s ]
INFO: TokenBuild Behavior ::run [ RunTime:0.001473s ]
INFO: WriteHtmlCache Behavior ::run [ RunTime:0.001185s ]
INFO: ShowRuntime Behavior ::run [ RunTime:0.001073s ]
INFO: [ view_filter ] --END-- [ RunTime:0.005570s ]
INFO: [ view_end ] --START--
INFO: ShowPageTrace Behavior ::run [ RunTime:0.000961s ]
INFO: [ view_end ] --END-- [ RunTime:0.001157s ]

[ 2013-12-07T14:24:41+08:00 ] 127.0.0.1 /HuiGL/index.php/Intention/intention.html
INFO: [ route_check ] --START--
INFO: CheckRoute Behavior ::run [ RunTime:0.001391s ]
INFO: [ route_check ] --END-- [ RunTime:0.001715s ]
INFO: [ app_begin ] --START--
INFO: ReadHtmlCache Behavior ::run [ RunTime:0.001012s ]
INFO: [ app_begin ] --END-- [ RunTime:0.001251s ]
INFO: [ view_parse ] --START--
INFO: ParseTemplate Behavior ::run [ RunTime:0.026548s ]
INFO: [ view_parse ] --END-- [ RunTime:0.026785s ]
INFO: [ view_filter ] --START--
INFO: ContentReplace Behavior ::run [ RunTime:0.001885s ]
INFO: TokenBuild Behavior ::run [ RunTime:0.000894s ]
INFO: WriteHtmlCache Behavior ::run [ RunTime:0.000702s ]
INFO: ShowRuntime Behavior ::run [ RunTime:0.001515s ]
INFO: [ view_filter ] --END-- [ RunTime:0.005872s ]
INFO: [ view_end ] --START--
INFO: ShowPageTrace Behavior ::run [ RunTime:0.001131s ]
INFO: [ view_end ] --END-- [ RunTime:0.001362s ]

[ 2013-12-07T14:24:45+08:00 ] 127.0.0.1 /HuiGL/index.php/Eula/eula.html
INFO: [ route_check ] --START--
INFO: CheckRoute Behavior ::run [ RunTime:0.001361s ]
INFO: [ route_check ] --END-- [ RunTime:0.001607s ]
INFO: [ app_begin ] --START--
INFO: ReadHtmlCache Behavior ::run [ RunTime:0.000924s ]
INFO: [ app_begin ] --END-- [ RunTime:0.001136s ]
INFO: [ view_parse ] --START--
INFO: ParseTemplate Behavior ::run [ RunTime:0.066586s ]
INFO: [ view_parse ] --END-- [ RunTime:0.066828s ]
INFO: [ view_filter ] --START--
INFO: ContentReplace Behavior ::run [ RunTime:0.001440s ]
INFO: TokenBuild Behavior ::run [ RunTime:0.001089s ]
INFO: WriteHtmlCache Behavior ::run [ RunTime:0.000720s ]
INFO: ShowRuntime Behavior ::run [ RunTime:0.001132s ]
INFO: [ view_filter ] --END-- [ RunTime:0.005038s ]
INFO: [ view_end ] --START--
INFO: ShowPageTrace Behavior ::run [ RunTime:0.001220s ]
INFO: [ view_end ] --END-- [ RunTime:0.001492s ]

[ 2013-12-07T14:25:02+08:00 ] 127.0.0.1 /HuiGL/index.php/Eula/eula.html
INFO: [ route_check ] --START--
INFO: CheckRoute Behavior ::run [ RunTime:0.001049s ]
INFO: [ route_check ] --END-- [ RunTime:0.001276s ]
INFO: [ app_begin ] --START--
INFO: ReadHtmlCache Behavior ::run [ RunTime:0.001192s ]
INFO: [ app_begin ] --END-- [ RunTime:0.001436s ]
INFO: [ view_parse ] --START--
INFO: ParseTemplate Behavior ::run [ RunTime:0.030173s ]
INFO: [ view_parse ] --END-- [ RunTime:0.030417s ]
INFO: [ view_filter ] --START--
INFO: ContentReplace Behavior ::run [ RunTime:0.001164s ]
INFO: TokenBuild Behavior ::run [ RunTime:0.000790s ]
INFO: WriteHtmlCache Behavior ::run [ RunTime:0.000496s ]
INFO: ShowRuntime Behavior ::run [ RunTime:0.000917s ]
INFO: [ view_filter ] --END-- [ RunTime:0.003905s ]
INFO: [ view_end ] --START--
INFO: ShowPageTrace Behavior ::run [ RunTime:0.000900s ]
INFO: [ view_end ] --END-- [ RunTime:0.001092s ]

[ 2013-12-07T14:25:05+08:00 ] 127.0.0.1 /HuiGL/index.php/Eula/eula.html
INFO: [ route_check ] --START--
INFO: CheckRoute Behavior ::run [ RunTime:0.001222s ]
INFO: [ route_check ] --END-- [ RunTime:0.001471s ]
INFO: [ app_begin ] --START--
INFO: ReadHtmlCache Behavior ::run [ RunTime:0.001102s ]
INFO: [ app_begin ] --END-- [ RunTime:0.001353s ]
INFO: [ view_parse ] --START--
INFO: ParseTemplate Behavior ::run [ RunTime:0.028869s ]
INFO: [ view_parse ] --END-- [ RunTime:0.029150s ]
INFO: [ view_filter ] --START--
INFO: ContentReplace Behavior ::run [ RunTime:0.001213s ]
INFO: TokenBuild Behavior ::run [ RunTime:0.000790s ]
INFO: WriteHtmlCache Behavior ::run [ RunTime:0.000479s ]
INFO: ShowRuntime Behavior ::run [ RunTime:0.000915s ]
INFO: [ view_filter ] --END-- [ RunTime:0.003974s ]
INFO: [ view_end ] --START--
INFO: ShowPageTrace Behavior ::run [ RunTime:0.000905s ]
INFO: [ view_end ] --END-- [ RunTime:0.001098s ]

