[ 2013-12-27T10:19:04+08:00 ] 127.0.0.1 /Trunk/index.php/
INFO: [ route_check ] --START--
INFO: CheckRoute Behavior ::run [ RunTime:0.001882s ]
INFO: [ route_check ] --END-- [ RunTime:0.002172s ]
INFO: [ app_begin ] --START--
INFO: ReadHtmlCache Behavior ::run [ RunTime:0.006046s ]
INFO: [ app_begin ] --END-- [ RunTime:0.006565s ]
SQL: SHOW COLUMNS FROM `t_monkey_cms_index` [ RunTime:0.015744s ]
SQL: SELECT * FROM `t_monkey_cms_index` WHERE ( status=1 ) ORDER BY weight DESC  [ RunTime:0.001259s ]
SQL: SHOW COLUMNS FROM `t_monkey_coupon_info` [ RunTime:0.004447s ]
SQL: SELECT * FROM `t_monkey_coupon_info` WHERE ( coupon_id IN (1,2) )  [ RunTime:0.000919s ]
SQL: SHOW COLUMNS FROM `t_monkey_news` [ RunTime:0.003998s ]
SQL: SELECT * FROM `t_monkey_news` WHERE ( news_id IN (1,5,4,3,2,6) )  [ RunTime:0.000999s ]
SQL: SHOW COLUMNS FROM monkey.t_monkey_ad [ RunTime:0.004043s ]
SQL: SELECT * FROM monkey.t_monkey_ad WHERE ( id IN (1,2,3) )  [ RunTime:0.000622s ]
SQL: SHOW COLUMNS FROM `t_monkey_partner_info` [ RunTime:0.004423s ]
SQL: SELECT * FROM `t_monkey_partner_info` WHERE ( partner_id IN (1,2,3,4,5,6,7,8,9) )  [ RunTime:0.000807s ]
SQL: SHOW COLUMNS FROM `t_monkey_partner_picture` [ RunTime:0.004175s ]
SQL: SELECT * FROM `t_monkey_partner_picture` WHERE ( partner_id IN (1,2,3,4,5,6,7,8,9) )  [ RunTime:0.000902s ]
SQL: SHOW COLUMNS FROM `t_monkey_partner_info` [ RunTime:0.006256s ]
SQL: SELECT * FROM `t_monkey_partner_info` WHERE ( partner_id IN (5,6,1,2,3,4) )  [ RunTime:0.000631s ]
SQL: SHOW COLUMNS FROM `t_monkey_partner_picture` [ RunTime:0.004934s ]
SQL: SELECT * FROM `t_monkey_partner_picture` WHERE ( partner_id IN (5,6,1,2,3,4) )  [ RunTime:0.000745s ]
SQL: SHOW COLUMNS FROM `t_monkey_partner_evaluation` [ RunTime:0.004433s ]
SQL: SELECT * FROM `t_monkey_partner_evaluation` WHERE ( evaluation_type = '0' ) ORDER BY createtime DESC  [ RunTime:0.001219s ]
SQL: SHOW COLUMNS FROM `t_monkey_user_profile` [ RunTime:0.004186s ]
SQL: SELECT * FROM `t_monkey_user_profile` WHERE ( user_id IN (1,1,1,1) )  [ RunTime:0.000726s ]
SQL: SHOW COLUMNS FROM `t_monkey_partner_info` [ RunTime:0.004786s ]
SQL: SELECT * FROM `t_monkey_partner_info` WHERE ( partner_id IN (2,1,2,1) )  [ RunTime:0.000547s ]
INFO: [ view_parse ] --START--
NOTIC: [8] Undefined variable: card C:\wamp\www\trunk\App\Runtime\Cache\Home\5af3b772512f93bbed89b40e875139eb.php 第 445 行.
INFO: ParseTemplate Behavior ::run [ RunTime:0.053364s ]
INFO: [ view_parse ] --END-- [ RunTime:0.053742s ]
INFO: [ view_filter ] --START--
INFO: ContentReplace Behavior ::run [ RunTime:0.001863s ]
INFO: TokenBuild Behavior ::run [ RunTime:0.001961s ]
INFO: WriteHtmlCache Behavior ::run [ RunTime:0.001237s ]
INFO: ShowRuntime Behavior ::run [ RunTime:0.001399s ]
INFO: [ view_filter ] --END-- [ RunTime:0.007261s ]
INFO: [ view_end ] --START--
INFO: ShowPageTrace Behavior ::run [ RunTime:0.001496s ]
INFO: [ view_end ] --END-- [ RunTime:0.001761s ]

[ 2013-12-27T10:19:04+08:00 ] 127.0.0.1 /Trunk/index.php/Home/Register/verifyImg
INFO: [ route_check ] --START--
INFO: CheckRoute Behavior ::run [ RunTime:0.001862s ]
INFO: [ route_check ] --END-- [ RunTime:0.002122s ]
INFO: [ app_begin ] --START--
INFO: ReadHtmlCache Behavior ::run [ RunTime:0.001193s ]
INFO: [ app_begin ] --END-- [ RunTime:0.001414s ]

[ 2013-12-27T10:19:04+08:00 ] 127.0.0.1 /Trunk/index.php/Home/Login/verifyImg
INFO: [ route_check ] --START--
INFO: CheckRoute Behavior ::run [ RunTime:0.001455s ]
INFO: [ route_check ] --END-- [ RunTime:0.001710s ]
INFO: [ app_begin ] --START--
INFO: ReadHtmlCache Behavior ::run [ RunTime:0.001046s ]
INFO: [ app_begin ] --END-- [ RunTime:0.001276s ]

[ 2013-12-27T10:19:06+08:00 ] 127.0.0.1 /Trunk/index.php/Help/help
INFO: [ route_check ] --START--
INFO: CheckRoute Behavior ::run [ RunTime:0.001645s ]
INFO: [ route_check ] --END-- [ RunTime:0.001910s ]
INFO: [ app_begin ] --START--
INFO: ReadHtmlCache Behavior ::run [ RunTime:0.001440s ]
INFO: [ app_begin ] --END-- [ RunTime:0.001677s ]
INFO: [ view_parse ] --START--
INFO: ParseTemplate Behavior ::run [ RunTime:0.091867s ]
INFO: [ view_parse ] --END-- [ RunTime:0.092116s ]
INFO: [ view_filter ] --START--
INFO: ContentReplace Behavior ::run [ RunTime:0.002794s ]
INFO: TokenBuild Behavior ::run [ RunTime:0.001285s ]
INFO: WriteHtmlCache Behavior ::run [ RunTime:0.001053s ]
INFO: ShowRuntime Behavior ::run [ RunTime:0.001363s ]
INFO: [ view_filter ] --END-- [ RunTime:0.007169s ]
INFO: [ view_end ] --START--
INFO: ShowPageTrace Behavior ::run [ RunTime:0.001587s ]
INFO: [ view_end ] --END-- [ RunTime:0.002878s ]

[ 2013-12-27T10:19:06+08:00 ] 127.0.0.1 /Trunk/index.php/Home/Register/verifyImg
INFO: [ route_check ] --START--
INFO: CheckRoute Behavior ::run [ RunTime:0.001781s ]
INFO: [ route_check ] --END-- [ RunTime:0.002525s ]
INFO: [ app_begin ] --START--
INFO: ReadHtmlCache Behavior ::run [ RunTime:0.001252s ]
INFO: [ app_begin ] --END-- [ RunTime:0.001475s ]

[ 2013-12-27T10:19:06+08:00 ] 127.0.0.1 /Trunk/index.php/Home/Login/verifyImg
INFO: [ route_check ] --START--
INFO: CheckRoute Behavior ::run [ RunTime:0.001895s ]
INFO: [ route_check ] --END-- [ RunTime:0.002154s ]
INFO: [ app_begin ] --START--
INFO: ReadHtmlCache Behavior ::run [ RunTime:0.001164s ]
INFO: [ app_begin ] --END-- [ RunTime:0.001396s ]

[ 2013-12-27T10:20:08+08:00 ] 127.0.0.1 /Trunk/index.php/Help/help
INFO: [ route_check ] --START--
INFO: CheckRoute Behavior ::run [ RunTime:0.001627s ]
INFO: [ route_check ] --END-- [ RunTime:0.001902s ]
INFO: [ app_begin ] --START--
INFO: ReadHtmlCache Behavior ::run [ RunTime:0.001691s ]
INFO: [ app_begin ] --END-- [ RunTime:0.001920s ]
INFO: [ view_parse ] --START--
INFO: ParseTemplate Behavior ::run [ RunTime:0.040886s ]
INFO: [ view_parse ] --END-- [ RunTime:0.041212s ]
INFO: [ view_filter ] --START--
INFO: ContentReplace Behavior ::run [ RunTime:0.003223s ]
INFO: TokenBuild Behavior ::run [ RunTime:0.001781s ]
INFO: WriteHtmlCache Behavior ::run [ RunTime:0.001223s ]
INFO: ShowRuntime Behavior ::run [ RunTime:0.001556s ]
INFO: [ view_filter ] --END-- [ RunTime:0.008462s ]
INFO: [ view_end ] --START--
INFO: ShowPageTrace Behavior ::run [ RunTime:0.001258s ]
INFO: [ view_end ] --END-- [ RunTime:0.001483s ]

[ 2013-12-27T10:20:08+08:00 ] 127.0.0.1 /Trunk/index.php/Home/Register/verifyImg
INFO: [ route_check ] --START--
INFO: CheckRoute Behavior ::run [ RunTime:0.001187s ]
INFO: [ route_check ] --END-- [ RunTime:0.002359s ]
INFO: [ app_begin ] --START--
INFO: ReadHtmlCache Behavior ::run [ RunTime:0.000938s ]
INFO: [ app_begin ] --END-- [ RunTime:0.001165s ]

[ 2013-12-27T10:20:08+08:00 ] 127.0.0.1 /Trunk/index.php/Home/Login/verifyImg
INFO: [ route_check ] --START--
INFO: CheckRoute Behavior ::run [ RunTime:0.001871s ]
INFO: [ route_check ] --END-- [ RunTime:0.002154s ]
INFO: [ app_begin ] --START--
INFO: ReadHtmlCache Behavior ::run [ RunTime:0.001384s ]
INFO: [ app_begin ] --END-- [ RunTime:0.009587s ]

[ 2013-12-27T10:20:21+08:00 ] 127.0.0.1 /Trunk/index.php/Help/help
INFO: [ route_check ] --START--
INFO: CheckRoute Behavior ::run [ RunTime:0.001391s ]
INFO: [ route_check ] --END-- [ RunTime:0.001625s ]
INFO: [ app_begin ] --START--
INFO: ReadHtmlCache Behavior ::run [ RunTime:0.001449s ]
INFO: [ app_begin ] --END-- [ RunTime:0.001663s ]
INFO: [ view_parse ] --START--
INFO: ParseTemplate Behavior ::run [ RunTime:0.039800s ]
INFO: [ view_parse ] --END-- [ RunTime:0.040053s ]
INFO: [ view_filter ] --START--
INFO: ContentReplace Behavior ::run [ RunTime:0.001703s ]
INFO: TokenBuild Behavior ::run [ RunTime:0.001239s ]
INFO: WriteHtmlCache Behavior ::run [ RunTime:0.000885s ]
INFO: ShowRuntime Behavior ::run [ RunTime:0.001379s ]
INFO: [ view_filter ] --END-- [ RunTime:0.005808s ]
INFO: [ view_end ] --START--
INFO: ShowPageTrace Behavior ::run [ RunTime:0.005440s ]
INFO: [ view_end ] --END-- [ RunTime:0.005687s ]

[ 2013-12-27T10:20:21+08:00 ] 127.0.0.1 /Trunk/index.php/Home/Register/verifyImg
INFO: [ route_check ] --START--
INFO: CheckRoute Behavior ::run [ RunTime:0.001405s ]
INFO: [ route_check ] --END-- [ RunTime:0.001650s ]
INFO: [ app_begin ] --START--
INFO: ReadHtmlCache Behavior ::run [ RunTime:0.001036s ]
INFO: [ app_begin ] --END-- [ RunTime:0.001255s ]

[ 2013-12-27T10:20:21+08:00 ] 127.0.0.1 /Trunk/index.php/Home/Login/verifyImg
INFO: [ route_check ] --START--
INFO: CheckRoute Behavior ::run [ RunTime:0.001554s ]
INFO: [ route_check ] --END-- [ RunTime:0.001782s ]
INFO: [ app_begin ] --START--
INFO: ReadHtmlCache Behavior ::run [ RunTime:0.001220s ]
INFO: [ app_begin ] --END-- [ RunTime:0.001440s ]

[ 2013-12-27T10:20:24+08:00 ] 127.0.0.1 /Trunk/index.php/Help/search?keyword=dada&help_btn_search=%E6%90%9C%E7%B4%A2
INFO: [ route_check ] --START--
INFO: CheckRoute Behavior ::run [ RunTime:0.001462s ]
INFO: [ route_check ] --END-- [ RunTime:0.001696s ]
INFO: [ app_begin ] --START--
INFO: ReadHtmlCache Behavior ::run [ RunTime:0.001538s ]
INFO: [ app_begin ] --END-- [ RunTime:0.001895s ]
NOTIC: [8] Undefined index: type C:\wamp\www\trunk\App\Lib\Action\Home\HelpAction.class.php 第 39 行.
SQL: SHOW COLUMNS FROM `t_monkey_help` [ RunTime:0.004414s ]
SQL: SELECT COUNT(*) AS tp_count FROM `t_monkey_help` WHERE (  ( (`question` LIKE '%dada%') ) OR ( (`answer` LIKE '%dada%') ) ) AND ( `status` = 1 ) LIMIT 1   [ RunTime:0.112494s ]
SQL: SELECT * FROM `t_monkey_help` WHERE (  ( (`question` LIKE '%dada%') ) OR ( (`answer` LIKE '%dada%') ) ) AND ( `status` = 1 ) ORDER BY help_id DESC LIMIT 0,10   [ RunTime:0.011394s ]
INFO: [ view_parse ] --START--
INFO: ParseTemplate Behavior ::run [ RunTime:0.066524s ]
INFO: [ view_parse ] --END-- [ RunTime:0.066864s ]
INFO: [ view_filter ] --START--
INFO: ContentReplace Behavior ::run [ RunTime:0.001640s ]
INFO: TokenBuild Behavior ::run [ RunTime:0.001919s ]
INFO: WriteHtmlCache Behavior ::run [ RunTime:0.001173s ]
INFO: ShowRuntime Behavior ::run [ RunTime:0.002098s ]
INFO: [ view_filter ] --END-- [ RunTime:0.007849s ]
INFO: [ view_end ] --START--
INFO: ShowPageTrace Behavior ::run [ RunTime:0.001647s ]
INFO: [ view_end ] --END-- [ RunTime:0.002093s ]

[ 2013-12-27T10:20:24+08:00 ] 127.0.0.1 /Trunk/index.php/Home/Login/verifyImg
INFO: [ route_check ] --START--
INFO: CheckRoute Behavior ::run [ RunTime:0.001057s ]
INFO: [ route_check ] --END-- [ RunTime:0.001295s ]
INFO: [ app_begin ] --START--
INFO: ReadHtmlCache Behavior ::run [ RunTime:0.000981s ]
INFO: [ app_begin ] --END-- [ RunTime:0.001183s ]

[ 2013-12-27T10:20:24+08:00 ] 127.0.0.1 /Trunk/index.php/Home/Register/verifyImg
INFO: [ route_check ] --START--
INFO: CheckRoute Behavior ::run [ RunTime:0.001623s ]
INFO: [ route_check ] --END-- [ RunTime:0.001879s ]
INFO: [ app_begin ] --START--
INFO: ReadHtmlCache Behavior ::run [ RunTime:0.001155s ]
INFO: [ app_begin ] --END-- [ RunTime:0.001374s ]

[ 2013-12-27T10:20:26+08:00 ] 127.0.0.1 /Trunk/index.php/Help/search?keyword=dada&help_btn_search=%E6%90%9C%E7%B4%A2
INFO: [ route_check ] --START--
INFO: CheckRoute Behavior ::run [ RunTime:0.001532s ]
INFO: [ route_check ] --END-- [ RunTime:0.001789s ]
INFO: [ app_begin ] --START--
INFO: ReadHtmlCache Behavior ::run [ RunTime:0.001187s ]
INFO: [ app_begin ] --END-- [ RunTime:0.001501s ]
NOTIC: [8] Undefined index: type C:\wamp\www\trunk\App\Lib\Action\Home\HelpAction.class.php 第 39 行.
SQL: SHOW COLUMNS FROM `t_monkey_help` [ RunTime:0.004602s ]
SQL: SELECT COUNT(*) AS tp_count FROM `t_monkey_help` WHERE (  ( (`question` LIKE '%dada%') ) OR ( (`answer` LIKE '%dada%') ) ) AND ( `status` = 1 ) LIMIT 1   [ RunTime:0.000767s ]
SQL: SELECT * FROM `t_monkey_help` WHERE (  ( (`question` LIKE '%dada%') ) OR ( (`answer` LIKE '%dada%') ) ) AND ( `status` = 1 ) ORDER BY help_id DESC LIMIT 0,10   [ RunTime:0.000819s ]
INFO: [ view_parse ] --START--
INFO: ParseTemplate Behavior ::run [ RunTime:0.054622s ]
INFO: [ view_parse ] --END-- [ RunTime:0.054937s ]
INFO: [ view_filter ] --START--
INFO: ContentReplace Behavior ::run [ RunTime:0.001490s ]
INFO: TokenBuild Behavior ::run [ RunTime:0.001600s ]
INFO: WriteHtmlCache Behavior ::run [ RunTime:0.001062s ]
INFO: ShowRuntime Behavior ::run [ RunTime:0.002162s ]
INFO: [ view_filter ] --END-- [ RunTime:0.007167s ]
INFO: [ view_end ] --START--
INFO: ShowPageTrace Behavior ::run [ RunTime:0.001585s ]
INFO: [ view_end ] --END-- [ RunTime:0.001859s ]

[ 2013-12-27T10:20:27+08:00 ] 127.0.0.1 /Trunk/index.php/Home/Login/verifyImg
INFO: [ route_check ] --START--
INFO: CheckRoute Behavior ::run [ RunTime:0.001195s ]
INFO: [ route_check ] --END-- [ RunTime:0.001430s ]
INFO: [ app_begin ] --START--
INFO: ReadHtmlCache Behavior ::run [ RunTime:0.001045s ]
INFO: [ app_begin ] --END-- [ RunTime:0.001259s ]

[ 2013-12-27T10:20:27+08:00 ] 127.0.0.1 /Trunk/index.php/Home/Register/verifyImg
INFO: [ route_check ] --START--
INFO: CheckRoute Behavior ::run [ RunTime:0.002123s ]
INFO: [ route_check ] --END-- [ RunTime:0.002392s ]
INFO: [ app_begin ] --START--
INFO: ReadHtmlCache Behavior ::run [ RunTime:0.003666s ]
INFO: [ app_begin ] --END-- [ RunTime:0.004586s ]

[ 2013-12-27T10:21:16+08:00 ] 127.0.0.1 /Trunk/index.php/Help/search?keyword=dada&help_btn_search=%E6%90%9C%E7%B4%A2
INFO: [ route_check ] --START--
INFO: CheckRoute Behavior ::run [ RunTime:0.001759s ]
INFO: [ route_check ] --END-- [ RunTime:0.002010s ]
INFO: [ app_begin ] --START--
INFO: ReadHtmlCache Behavior ::run [ RunTime:0.001789s ]
INFO: [ app_begin ] --END-- [ RunTime:0.003631s ]
NOTIC: [8] Undefined index: type C:\wamp\www\trunk\App\Lib\Action\Home\HelpAction.class.php 第 39 行.
SQL: SHOW COLUMNS FROM `t_monkey_help` [ RunTime:0.003984s ]
SQL: SELECT COUNT(*) AS tp_count FROM `t_monkey_help` WHERE (  ( (`question` LIKE '%dada%') ) OR ( (`answer` LIKE '%dada%') ) ) AND ( `status` = 1 ) LIMIT 1   [ RunTime:0.000735s ]
SQL: SELECT * FROM `t_monkey_help` WHERE (  ( (`question` LIKE '%dada%') ) OR ( (`answer` LIKE '%dada%') ) ) AND ( `status` = 1 ) ORDER BY help_id DESC LIMIT 0,10   [ RunTime:0.000838s ]
INFO: [ view_parse ] --START--
INFO: ParseTemplate Behavior ::run [ RunTime:0.038699s ]
INFO: [ view_parse ] --END-- [ RunTime:0.038949s ]
INFO: [ view_filter ] --START--
INFO: ContentReplace Behavior ::run [ RunTime:0.001585s ]
INFO: TokenBuild Behavior ::run [ RunTime:0.001450s ]
INFO: WriteHtmlCache Behavior ::run [ RunTime:0.001222s ]
INFO: ShowRuntime Behavior ::run [ RunTime:0.001575s ]
INFO: [ view_filter ] --END-- [ RunTime:0.006482s ]
INFO: [ view_end ] --START--
INFO: ShowPageTrace Behavior ::run [ RunTime:0.001610s ]
INFO: [ view_end ] --END-- [ RunTime:0.001816s ]

[ 2013-12-27T10:21:16+08:00 ] 127.0.0.1 /Trunk/index.php/Home/Register/verifyImg
INFO: [ route_check ] --START--
INFO: CheckRoute Behavior ::run [ RunTime:0.001968s ]
INFO: [ route_check ] --END-- [ RunTime:0.002336s ]
INFO: [ app_begin ] --START--
INFO: ReadHtmlCache Behavior ::run [ RunTime:0.002235s ]
INFO: [ app_begin ] --END-- [ RunTime:0.002548s ]

[ 2013-12-27T10:21:16+08:00 ] 127.0.0.1 /Trunk/index.php/Home/Login/verifyImg
INFO: [ route_check ] --START--
INFO: CheckRoute Behavior ::run [ RunTime:0.001578s ]
INFO: [ route_check ] --END-- [ RunTime:0.001821s ]
INFO: [ app_begin ] --START--
INFO: ReadHtmlCache Behavior ::run [ RunTime:0.001552s ]
INFO: [ app_begin ] --END-- [ RunTime:0.001809s ]

[ 2013-12-27T10:21:19+08:00 ] 127.0.0.1 /Trunk/index.php/Help/hrlp
INFO: [ route_check ] --START--
INFO: CheckRoute Behavior ::run [ RunTime:0.001553s ]
INFO: [ route_check ] --END-- [ RunTime:0.001785s ]
INFO: [ app_begin ] --START--
INFO: ReadHtmlCache Behavior ::run [ RunTime:0.001572s ]
INFO: [ app_begin ] --END-- [ RunTime:0.001807s ]
ERR: 非法操作:hrlp

[ 2013-12-27T10:21:23+08:00 ] 127.0.0.1 /Trunk/index.php/Help/hrlp
INFO: [ route_check ] --START--
INFO: CheckRoute Behavior ::run [ RunTime:0.001824s ]
INFO: [ route_check ] --END-- [ RunTime:0.002079s ]
INFO: [ app_begin ] --START--
INFO: ReadHtmlCache Behavior ::run [ RunTime:0.001593s ]
INFO: [ app_begin ] --END-- [ RunTime:0.001838s ]
ERR: 非法操作:hrlp

[ 2013-12-27T10:21:26+08:00 ] 127.0.0.1 /Trunk/index.php/Help/help
INFO: [ route_check ] --START--
INFO: CheckRoute Behavior ::run [ RunTime:0.001692s ]
INFO: [ route_check ] --END-- [ RunTime:0.001935s ]
INFO: [ app_begin ] --START--
INFO: ReadHtmlCache Behavior ::run [ RunTime:0.001581s ]
INFO: [ app_begin ] --END-- [ RunTime:0.001828s ]
INFO: [ view_parse ] --START--
INFO: ParseTemplate Behavior ::run [ RunTime:0.034939s ]
INFO: [ view_parse ] --END-- [ RunTime:0.035182s ]
INFO: [ view_filter ] --START--
INFO: ContentReplace Behavior ::run [ RunTime:0.001811s ]
INFO: TokenBuild Behavior ::run [ RunTime:0.001301s ]
INFO: WriteHtmlCache Behavior ::run [ RunTime:0.001193s ]
INFO: ShowRuntime Behavior ::run [ RunTime:0.001588s ]
INFO: [ view_filter ] --END-- [ RunTime:0.007162s ]
INFO: [ view_end ] --START--
INFO: ShowPageTrace Behavior ::run [ RunTime:0.001794s ]
INFO: [ view_end ] --END-- [ RunTime:0.002015s ]

[ 2013-12-27T10:21:27+08:00 ] 127.0.0.1 /Trunk/index.php/Home/Register/verifyImg
INFO: [ route_check ] --START--
INFO: CheckRoute Behavior ::run [ RunTime:0.001700s ]
INFO: [ route_check ] --END-- [ RunTime:0.001958s ]
INFO: [ app_begin ] --START--
INFO: ReadHtmlCache Behavior ::run [ RunTime:0.001555s ]
INFO: [ app_begin ] --END-- [ RunTime:0.001764s ]

[ 2013-12-27T10:21:27+08:00 ] 127.0.0.1 /Trunk/index.php/Home/Login/verifyImg
INFO: [ route_check ] --START--
INFO: CheckRoute Behavior ::run [ RunTime:0.001857s ]
INFO: [ route_check ] --END-- [ RunTime:0.002350s ]
INFO: [ app_begin ] --START--
INFO: ReadHtmlCache Behavior ::run [ RunTime:0.001182s ]
INFO: [ app_begin ] --END-- [ RunTime:0.001398s ]

[ 2013-12-27T10:22:03+08:00 ] 127.0.0.1 /Trunk/index.php/Help/help
INFO: [ route_check ] --START--
INFO: CheckRoute Behavior ::run [ RunTime:0.001612s ]
INFO: [ route_check ] --END-- [ RunTime:0.001867s ]
INFO: [ app_begin ] --START--
INFO: ReadHtmlCache Behavior ::run [ RunTime:0.001360s ]
INFO: [ app_begin ] --END-- [ RunTime:0.001615s ]
INFO: [ view_parse ] --START--
INFO: ParseTemplate Behavior ::run [ RunTime:0.060012s ]
INFO: [ view_parse ] --END-- [ RunTime:0.060343s ]
INFO: [ view_filter ] --START--
INFO: ContentReplace Behavior ::run [ RunTime:0.001765s ]
INFO: TokenBuild Behavior ::run [ RunTime:0.001519s ]
INFO: WriteHtmlCache Behavior ::run [ RunTime:0.001009s ]
INFO: ShowRuntime Behavior ::run [ RunTime:0.001850s ]
INFO: [ view_filter ] --END-- [ RunTime:0.013907s ]
INFO: [ view_end ] --START--
INFO: ShowPageTrace Behavior ::run [ RunTime:0.001583s ]
INFO: [ view_end ] --END-- [ RunTime:0.002075s ]

[ 2013-12-27T10:22:03+08:00 ] 127.0.0.1 /Trunk/index.php/Home/Register/verifyImg
INFO: [ route_check ] --START--
INFO: CheckRoute Behavior ::run [ RunTime:0.001501s ]
INFO: [ route_check ] --END-- [ RunTime:0.001909s ]
INFO: [ app_begin ] --START--
INFO: ReadHtmlCache Behavior ::run [ RunTime:0.001322s ]
INFO: [ app_begin ] --END-- [ RunTime:0.001540s ]

[ 2013-12-27T10:22:03+08:00 ] 127.0.0.1 /Trunk/index.php/Home/Login/verifyImg
INFO: [ route_check ] --START--
INFO: CheckRoute Behavior ::run [ RunTime:0.001408s ]
INFO: [ route_check ] --END-- [ RunTime:0.001798s ]
INFO: [ app_begin ] --START--
INFO: ReadHtmlCache Behavior ::run [ RunTime:0.001117s ]
INFO: [ app_begin ] --END-- [ RunTime:0.001360s ]

[ 2013-12-27T10:22:10+08:00 ] 127.0.0.1 /Trunk/index.php/Help/help
INFO: [ route_check ] --START--
INFO: CheckRoute Behavior ::run [ RunTime:0.001831s ]
INFO: [ route_check ] --END-- [ RunTime:0.002094s ]
INFO: [ app_begin ] --START--
INFO: ReadHtmlCache Behavior ::run [ RunTime:0.001236s ]
INFO: [ app_begin ] --END-- [ RunTime:0.001452s ]
INFO: [ view_parse ] --START--
INFO: ParseTemplate Behavior ::run [ RunTime:0.042278s ]
INFO: [ view_parse ] --END-- [ RunTime:0.042503s ]
INFO: [ view_filter ] --START--
INFO: ContentReplace Behavior ::run [ RunTime:0.001657s ]
INFO: TokenBuild Behavior ::run [ RunTime:0.001145s ]
INFO: WriteHtmlCache Behavior ::run [ RunTime:0.000757s ]
INFO: ShowRuntime Behavior ::run [ RunTime:0.001464s ]
INFO: [ view_filter ] --END-- [ RunTime:0.005613s ]
INFO: [ view_end ] --START--
INFO: ShowPageTrace Behavior ::run [ RunTime:0.001154s ]
INFO: [ view_end ] --END-- [ RunTime:0.001668s ]

[ 2013-12-27T10:22:10+08:00 ] 127.0.0.1 /Trunk/index.php/Home/Register/verifyImg
INFO: [ route_check ] --START--
INFO: CheckRoute Behavior ::run [ RunTime:0.001488s ]
INFO: [ route_check ] --END-- [ RunTime:0.001721s ]
INFO: [ app_begin ] --START--
INFO: ReadHtmlCache Behavior ::run [ RunTime:0.001325s ]
INFO: [ app_begin ] --END-- [ RunTime:0.001606s ]

[ 2013-12-27T10:22:11+08:00 ] 127.0.0.1 /Trunk/index.php/Home/Login/verifyImg
INFO: [ route_check ] --START--
INFO: CheckRoute Behavior ::run [ RunTime:0.001531s ]
INFO: [ route_check ] --END-- [ RunTime:0.001781s ]
INFO: [ app_begin ] --START--
INFO: ReadHtmlCache Behavior ::run [ RunTime:0.001265s ]
INFO: [ app_begin ] --END-- [ RunTime:0.001496s ]

[ 2013-12-27T10:22:25+08:00 ] 127.0.0.1 /Trunk/index.php/Help/help
INFO: [ route_check ] --START--
INFO: CheckRoute Behavior ::run [ RunTime:0.001985s ]
INFO: [ route_check ] --END-- [ RunTime:0.002222s ]
INFO: [ app_begin ] --START--
INFO: ReadHtmlCache Behavior ::run [ RunTime:0.002031s ]
INFO: [ app_begin ] --END-- [ RunTime:0.002283s ]
INFO: [ view_parse ] --START--
INFO: ParseTemplate Behavior ::run [ RunTime:0.040347s ]
INFO: [ view_parse ] --END-- [ RunTime:0.040580s ]
INFO: [ view_filter ] --START--
INFO: ContentReplace Behavior ::run [ RunTime:0.001902s ]
INFO: TokenBuild Behavior ::run [ RunTime:0.001626s ]
INFO: WriteHtmlCache Behavior ::run [ RunTime:0.001379s ]
INFO: ShowRuntime Behavior ::run [ RunTime:0.001875s ]
INFO: [ view_filter ] --END-- [ RunTime:0.007509s ]
INFO: [ view_end ] --START--
INFO: ShowPageTrace Behavior ::run [ RunTime:0.003714s ]
INFO: [ view_end ] --END-- [ RunTime:0.003937s ]

[ 2013-12-27T10:22:26+08:00 ] 127.0.0.1 /Trunk/index.php/Home/Login/verifyImg
INFO: [ route_check ] --START--
INFO: CheckRoute Behavior ::run [ RunTime:0.016703s ]
INFO: [ route_check ] --END-- [ RunTime:0.016948s ]
INFO: [ app_begin ] --START--
INFO: ReadHtmlCache Behavior ::run [ RunTime:0.001498s ]
INFO: [ app_begin ] --END-- [ RunTime:0.001820s ]

[ 2013-12-27T10:22:26+08:00 ] 127.0.0.1 /Trunk/index.php/Home/Register/verifyImg
INFO: [ route_check ] --START--
INFO: CheckRoute Behavior ::run [ RunTime:0.035900s ]
INFO: [ route_check ] --END-- [ RunTime:0.036145s ]
INFO: [ app_begin ] --START--
INFO: ReadHtmlCache Behavior ::run [ RunTime:0.002187s ]
INFO: [ app_begin ] --END-- [ RunTime:0.002449s ]

[ 2013-12-27T10:22:39+08:00 ] 127.0.0.1 /Trunk/index.php/Help/help
INFO: [ route_check ] --START--
INFO: CheckRoute Behavior ::run [ RunTime:0.001323s ]
INFO: [ route_check ] --END-- [ RunTime:0.001571s ]
INFO: [ app_begin ] --START--
INFO: ReadHtmlCache Behavior ::run [ RunTime:0.000997s ]
INFO: [ app_begin ] --END-- [ RunTime:0.001231s ]
INFO: [ view_parse ] --START--
INFO: ParseTemplate Behavior ::run [ RunTime:0.128064s ]
INFO: [ view_parse ] --END-- [ RunTime:0.128299s ]
INFO: [ view_filter ] --START--
INFO: ContentReplace Behavior ::run [ RunTime:0.001716s ]
INFO: TokenBuild Behavior ::run [ RunTime:0.003708s ]
INFO: WriteHtmlCache Behavior ::run [ RunTime:0.001339s ]
INFO: ShowRuntime Behavior ::run [ RunTime:0.003582s ]
INFO: [ view_filter ] --END-- [ RunTime:0.011159s ]
INFO: [ view_end ] --START--
INFO: ShowPageTrace Behavior ::run [ RunTime:0.002083s ]
INFO: [ view_end ] --END-- [ RunTime:0.002419s ]

[ 2013-12-27T10:22:40+08:00 ] 127.0.0.1 /Trunk/index.php/Home/Register/verifyImg
INFO: [ route_check ] --START--
INFO: CheckRoute Behavior ::run [ RunTime:0.001586s ]
INFO: [ route_check ] --END-- [ RunTime:0.001824s ]
INFO: [ app_begin ] --START--
INFO: ReadHtmlCache Behavior ::run [ RunTime:0.001470s ]
INFO: [ app_begin ] --END-- [ RunTime:0.001917s ]

[ 2013-12-27T10:22:40+08:00 ] 127.0.0.1 /Trunk/index.php/Home/Login/verifyImg
INFO: [ route_check ] --START--
INFO: CheckRoute Behavior ::run [ RunTime:0.001292s ]
INFO: [ route_check ] --END-- [ RunTime:0.001542s ]
INFO: [ app_begin ] --START--
INFO: ReadHtmlCache Behavior ::run [ RunTime:0.001043s ]
INFO: [ app_begin ] --END-- [ RunTime:0.001275s ]

[ 2013-12-27T10:22:51+08:00 ] 127.0.0.1 /Trunk/index.php/Help/help
INFO: [ route_check ] --START--
INFO: CheckRoute Behavior ::run [ RunTime:0.001723s ]
INFO: [ route_check ] --END-- [ RunTime:0.001980s ]
INFO: [ app_begin ] --START--
INFO: ReadHtmlCache Behavior ::run [ RunTime:0.001491s ]
INFO: [ app_begin ] --END-- [ RunTime:0.001729s ]
INFO: [ view_parse ] --START--
INFO: ParseTemplate Behavior ::run [ RunTime:0.036057s ]
INFO: [ view_parse ] --END-- [ RunTime:0.036304s ]
INFO: [ view_filter ] --START--
INFO: ContentReplace Behavior ::run [ RunTime:0.001400s ]
INFO: TokenBuild Behavior ::run [ RunTime:0.001078s ]
INFO: WriteHtmlCache Behavior ::run [ RunTime:0.000847s ]
INFO: ShowRuntime Behavior ::run [ RunTime:0.001240s ]
INFO: [ view_filter ] --END-- [ RunTime:0.005115s ]
INFO: [ view_end ] --START--
INFO: ShowPageTrace Behavior ::run [ RunTime:0.001283s ]
INFO: [ view_end ] --END-- [ RunTime:0.001484s ]

[ 2013-12-27T10:22:51+08:00 ] 127.0.0.1 /Trunk/index.php/Home/Register/verifyImg
INFO: [ route_check ] --START--
INFO: CheckRoute Behavior ::run [ RunTime:0.001444s ]
INFO: [ route_check ] --END-- [ RunTime:0.001686s ]
INFO: [ app_begin ] --START--
INFO: ReadHtmlCache Behavior ::run [ RunTime:0.001393s ]
INFO: [ app_begin ] --END-- [ RunTime:0.001637s ]

[ 2013-12-27T10:22:51+08:00 ] 127.0.0.1 /Trunk/index.php/Home/Login/verifyImg
INFO: [ route_check ] --START--
INFO: CheckRoute Behavior ::run [ RunTime:0.002095s ]
INFO: [ route_check ] --END-- [ RunTime:0.002423s ]
INFO: [ app_begin ] --START--
INFO: ReadHtmlCache Behavior ::run [ RunTime:0.001123s ]
INFO: [ app_begin ] --END-- [ RunTime:0.001360s ]

[ 2013-12-27T14:21:27+08:00 ] 127.0.0.1 /Trunk/index.php/
INFO: [ route_check ] --START--
INFO: CheckRoute Behavior ::run [ RunTime:0.001749s ]
INFO: [ route_check ] --END-- [ RunTime:0.002004s ]
INFO: [ app_begin ] --START--
INFO: ReadHtmlCache Behavior ::run [ RunTime:0.112126s ]
INFO: [ app_begin ] --END-- [ RunTime:0.112434s ]
SQL: SHOW COLUMNS FROM `t_monkey_cms_index` [ RunTime:0.005059s ]
SQL: SELECT * FROM `t_monkey_cms_index` WHERE ( status=1 ) ORDER BY weight DESC  [ RunTime:0.001269s ]
SQL: SHOW COLUMNS FROM `t_monkey_coupon_info` [ RunTime:0.061209s ]
SQL: SELECT * FROM `t_monkey_coupon_info` WHERE ( coupon_id IN (1,2) )  [ RunTime:0.000905s ]
SQL: SHOW COLUMNS FROM `t_monkey_news` [ RunTime:0.008651s ]
SQL: SELECT * FROM `t_monkey_news` WHERE ( news_id IN (1,5,4,3,2,6) )  [ RunTime:0.001582s ]
SQL: SHOW COLUMNS FROM monkey.t_monkey_ad [ RunTime:0.004752s ]
SQL: SELECT * FROM monkey.t_monkey_ad WHERE ( id IN (1,2,3) )  [ RunTime:0.000875s ]
SQL: SHOW COLUMNS FROM `t_monkey_partner_info` [ RunTime:0.019583s ]
SQL: SELECT * FROM `t_monkey_partner_info` WHERE ( partner_id IN (1,2,3,4,5,6,7,8,9) )  [ RunTime:0.000885s ]
SQL: SHOW COLUMNS FROM `t_monkey_partner_picture` [ RunTime:0.005744s ]
SQL: SELECT * FROM `t_monkey_partner_picture` WHERE ( partner_id IN (1,2,3,4,5,6,7,8,9) )  [ RunTime:0.002257s ]
SQL: SHOW COLUMNS FROM `t_monkey_partner_info` [ RunTime:0.005410s ]
SQL: SELECT * FROM `t_monkey_partner_info` WHERE ( partner_id IN (5,6,1,2,3,4) )  [ RunTime:0.000916s ]
SQL: SHOW COLUMNS FROM `t_monkey_partner_picture` [ RunTime:0.007095s ]
SQL: SELECT * FROM `t_monkey_partner_picture` WHERE ( partner_id IN (5,6,1,2,3,4) )  [ RunTime:0.000701s ]
SQL: SHOW COLUMNS FROM `t_monkey_partner_evaluation` [ RunTime:0.005816s ]
SQL: SELECT * FROM `t_monkey_partner_evaluation` WHERE ( evaluation_type = '0' ) ORDER BY createtime DESC  [ RunTime:0.002432s ]
SQL: SHOW COLUMNS FROM `t_monkey_user_profile` [ RunTime:0.012201s ]
SQL: SELECT * FROM `t_monkey_user_profile` WHERE ( user_id IN (1,1,1,1) )  [ RunTime:0.000948s ]
SQL: SHOW COLUMNS FROM `t_monkey_partner_info` [ RunTime:0.003808s ]
SQL: SELECT * FROM `t_monkey_partner_info` WHERE ( partner_id IN (2,1,2,1) )  [ RunTime:0.000542s ]
INFO: [ view_parse ] --START--
NOTIC: [8] Undefined variable: card C:\wamp\www\trunk\App\Runtime\Cache\Home\5af3b772512f93bbed89b40e875139eb.php 第 445 行.
INFO: ParseTemplate Behavior ::run [ RunTime:0.103757s ]
INFO: [ view_parse ] --END-- [ RunTime:0.104060s ]
INFO: [ view_filter ] --START--
INFO: ContentReplace Behavior ::run [ RunTime:0.002062s ]
INFO: TokenBuild Behavior ::run [ RunTime:0.001701s ]
INFO: WriteHtmlCache Behavior ::run [ RunTime:0.002031s ]
INFO: ShowRuntime Behavior ::run [ RunTime:0.003027s ]
INFO: [ view_filter ] --END-- [ RunTime:0.009936s ]
INFO: [ view_end ] --START--
INFO: ShowPageTrace Behavior ::run [ RunTime:0.002020s ]
INFO: [ view_end ] --END-- [ RunTime:0.002258s ]

[ 2013-12-27T14:21:27+08:00 ] 127.0.0.1 /Trunk/index.php/Home/Register/verifyImg
INFO: [ route_check ] --START--
INFO: CheckRoute Behavior ::run [ RunTime:0.001649s ]
INFO: [ route_check ] --END-- [ RunTime:0.001906s ]
INFO: [ app_begin ] --START--
INFO: ReadHtmlCache Behavior ::run [ RunTime:0.001297s ]
INFO: [ app_begin ] --END-- [ RunTime:0.001534s ]

[ 2013-12-27T14:21:27+08:00 ] 127.0.0.1 /Trunk/index.php/Home/Login/verifyImg
INFO: [ route_check ] --START--
INFO: CheckRoute Behavior ::run [ RunTime:0.001577s ]
INFO: [ route_check ] --END-- [ RunTime:0.001827s ]
INFO: [ app_begin ] --START--
INFO: ReadHtmlCache Behavior ::run [ RunTime:0.001451s ]
INFO: [ app_begin ] --END-- [ RunTime:0.001884s ]

[ 2013-12-27T14:47:09+08:00 ] 127.0.0.1 /Trunk/index.php/Demo/demo
INFO: [ route_check ] --START--
INFO: CheckRoute Behavior ::run [ RunTime:0.001590s ]
INFO: [ route_check ] --END-- [ RunTime:0.001843s ]
INFO: [ app_begin ] --START--
INFO: ReadHtmlCache Behavior ::run [ RunTime:0.001196s ]
INFO: [ app_begin ] --END-- [ RunTime:0.001469s ]
NOTIC: [8] Constant THEME_NAME already defined C:\wamp\www\trunk\ThinkPHP\Lib\Core\View.class.php 第 223 行.
NOTIC: [8] Constant THEME_PATH already defined C:\wamp\www\trunk\ThinkPHP\Lib\Core\View.class.php 第 174 行.
NOTIC: [8] Constant APP_TMPL_PATH already defined C:\wamp\www\trunk\ThinkPHP\Lib\Core\View.class.php 第 175 行.
INFO: [ view_parse ] --START--
INFO: ParseTemplate Behavior ::run [ RunTime:0.014310s ]
INFO: [ view_parse ] --END-- [ RunTime:0.014727s ]
INFO: [ view_filter ] --START--
INFO: ContentReplace Behavior ::run [ RunTime:0.001340s ]
INFO: TokenBuild Behavior ::run [ RunTime:0.001504s ]
INFO: WriteHtmlCache Behavior ::run [ RunTime:0.001034s ]
INFO: ShowRuntime Behavior ::run [ RunTime:0.001644s ]
INFO: [ view_filter ] --END-- [ RunTime:0.006765s ]
INFO: [ view_end ] --START--
INFO: ShowPageTrace Behavior ::run [ RunTime:0.001635s ]
INFO: [ view_end ] --END-- [ RunTime:0.001939s ]

[ 2013-12-27T14:47:25+08:00 ] 127.0.0.1 /Trunk/index.php/Demo/demo
INFO: [ route_check ] --START--
INFO: CheckRoute Behavior ::run [ RunTime:0.002466s ]
INFO: [ route_check ] --END-- [ RunTime:0.002724s ]
INFO: [ app_begin ] --START--
INFO: ReadHtmlCache Behavior ::run [ RunTime:0.001007s ]
INFO: [ app_begin ] --END-- [ RunTime:0.001213s ]
NOTIC: [8] Constant THEME_NAME already defined C:\wamp\www\trunk\ThinkPHP\Lib\Core\View.class.php 第 223 行.
NOTIC: [8] Constant THEME_PATH already defined C:\wamp\www\trunk\ThinkPHP\Lib\Core\View.class.php 第 174 行.
NOTIC: [8] Constant APP_TMPL_PATH already defined C:\wamp\www\trunk\ThinkPHP\Lib\Core\View.class.php 第 175 行.
INFO: [ view_parse ] --START--
INFO: ParseTemplate Behavior ::run [ RunTime:0.015839s ]
INFO: [ view_parse ] --END-- [ RunTime:0.016077s ]
INFO: [ view_filter ] --START--
INFO: ContentReplace Behavior ::run [ RunTime:0.002052s ]
INFO: TokenBuild Behavior ::run [ RunTime:0.001068s ]
INFO: WriteHtmlCache Behavior ::run [ RunTime:0.000691s ]
INFO: ShowRuntime Behavior ::run [ RunTime:0.001292s ]
INFO: [ view_filter ] --END-- [ RunTime:0.006062s ]
INFO: [ view_end ] --START--
INFO: ShowPageTrace Behavior ::run [ RunTime:0.001428s ]
INFO: [ view_end ] --END-- [ RunTime:0.001672s ]

[ 2013-12-27T14:47:44+08:00 ] 127.0.0.1 /Trunk/index.php/Demo/demo
INFO: [ route_check ] --START--
INFO: CheckRoute Behavior ::run [ RunTime:0.002384s ]
INFO: [ route_check ] --END-- [ RunTime:0.003616s ]
INFO: [ app_begin ] --START--
INFO: ReadHtmlCache Behavior ::run [ RunTime:0.001005s ]
INFO: [ app_begin ] --END-- [ RunTime:0.001232s ]
NOTIC: [8] Constant THEME_NAME already defined C:\wamp\www\trunk\ThinkPHP\Lib\Core\View.class.php 第 223 行.
NOTIC: [8] Constant THEME_PATH already defined C:\wamp\www\trunk\ThinkPHP\Lib\Core\View.class.php 第 174 行.
NOTIC: [8] Constant APP_TMPL_PATH already defined C:\wamp\www\trunk\ThinkPHP\Lib\Core\View.class.php 第 175 行.
INFO: [ view_parse ] --START--
INFO: ParseTemplate Behavior ::run [ RunTime:0.017843s ]
INFO: [ view_parse ] --END-- [ RunTime:0.018446s ]
INFO: [ view_filter ] --START--
INFO: ContentReplace Behavior ::run [ RunTime:0.001152s ]
INFO: TokenBuild Behavior ::run [ RunTime:0.001209s ]
INFO: WriteHtmlCache Behavior ::run [ RunTime:0.002130s ]
INFO: ShowRuntime Behavior ::run [ RunTime:0.001300s ]
INFO: [ view_filter ] --END-- [ RunTime:0.006675s ]
INFO: [ view_end ] --START--
INFO: ShowPageTrace Behavior ::run [ RunTime:0.001337s ]
INFO: [ view_end ] --END-- [ RunTime:0.001589s ]

[ 2013-12-27T14:48:33+08:00 ] 127.0.0.1 /Trunk/index.php/Demo/demo
INFO: [ route_check ] --START--
INFO: CheckRoute Behavior ::run [ RunTime:0.001380s ]
INFO: [ route_check ] --END-- [ RunTime:0.001638s ]
INFO: [ app_begin ] --START--
INFO: ReadHtmlCache Behavior ::run [ RunTime:0.001001s ]
INFO: [ app_begin ] --END-- [ RunTime:0.001235s ]
NOTIC: [8] Constant THEME_NAME already defined C:\wamp\www\trunk\ThinkPHP\Lib\Core\View.class.php 第 223 行.
NOTIC: [8] Constant THEME_PATH already defined C:\wamp\www\trunk\ThinkPHP\Lib\Core\View.class.php 第 174 行.
NOTIC: [8] Constant APP_TMPL_PATH already defined C:\wamp\www\trunk\ThinkPHP\Lib\Core\View.class.php 第 175 行.
INFO: [ view_parse ] --START--
INFO: ParseTemplate Behavior ::run [ RunTime:0.014686s ]
INFO: [ view_parse ] --END-- [ RunTime:0.014931s ]
INFO: [ view_filter ] --START--
INFO: ContentReplace Behavior ::run [ RunTime:0.000973s ]
INFO: TokenBuild Behavior ::run [ RunTime:0.001418s ]
INFO: WriteHtmlCache Behavior ::run [ RunTime:0.000812s ]
INFO: ShowRuntime Behavior ::run [ RunTime:0.001294s ]
INFO: [ view_filter ] --END-- [ RunTime:0.005255s ]
INFO: [ view_end ] --START--
INFO: ShowPageTrace Behavior ::run [ RunTime:0.001812s ]
INFO: [ view_end ] --END-- [ RunTime:0.002583s ]

[ 2013-12-27T14:48:44+08:00 ] 127.0.0.1 /Trunk/index.php/Demo/demo
INFO: [ route_check ] --START--
INFO: CheckRoute Behavior ::run [ RunTime:0.001255s ]
INFO: [ route_check ] --END-- [ RunTime:0.001515s ]
INFO: [ app_begin ] --START--
INFO: ReadHtmlCache Behavior ::run [ RunTime:0.001095s ]
INFO: [ app_begin ] --END-- [ RunTime:0.001336s ]
NOTIC: [8] Constant THEME_NAME already defined C:\wamp\www\trunk\ThinkPHP\Lib\Core\View.class.php 第 223 行.
NOTIC: [8] Constant THEME_PATH already defined C:\wamp\www\trunk\ThinkPHP\Lib\Core\View.class.php 第 174 行.
NOTIC: [8] Constant APP_TMPL_PATH already defined C:\wamp\www\trunk\ThinkPHP\Lib\Core\View.class.php 第 175 行.
INFO: [ view_parse ] --START--
INFO: ParseTemplate Behavior ::run [ RunTime:0.020028s ]
INFO: [ view_parse ] --END-- [ RunTime:0.020270s ]
INFO: [ view_filter ] --START--
INFO: ContentReplace Behavior ::run [ RunTime:0.001479s ]
INFO: TokenBuild Behavior ::run [ RunTime:0.001205s ]
INFO: WriteHtmlCache Behavior ::run [ RunTime:0.000907s ]
INFO: ShowRuntime Behavior ::run [ RunTime:0.001717s ]
INFO: [ view_filter ] --END-- [ RunTime:0.006096s ]
INFO: [ view_end ] --START--
INFO: ShowPageTrace Behavior ::run [ RunTime:0.005001s ]
INFO: [ view_end ] --END-- [ RunTime:0.005299s ]

[ 2013-12-27T14:49:37+08:00 ] 127.0.0.1 /Trunk/index.php/Demo/demo
INFO: [ route_check ] --START--
INFO: CheckRoute Behavior ::run [ RunTime:0.001759s ]
INFO: [ route_check ] --END-- [ RunTime:0.002012s ]
INFO: [ app_begin ] --START--
INFO: ReadHtmlCache Behavior ::run [ RunTime:0.001627s ]
INFO: [ app_begin ] --END-- [ RunTime:0.001873s ]
NOTIC: [8] Constant THEME_NAME already defined C:\wamp\www\trunk\ThinkPHP\Lib\Core\View.class.php 第 223 行.
NOTIC: [8] Constant THEME_PATH already defined C:\wamp\www\trunk\ThinkPHP\Lib\Core\View.class.php 第 174 行.
NOTIC: [8] Constant APP_TMPL_PATH already defined C:\wamp\www\trunk\ThinkPHP\Lib\Core\View.class.php 第 175 行.
INFO: [ view_parse ] --START--
INFO: ParseTemplate Behavior ::run [ RunTime:0.023132s ]
INFO: [ view_parse ] --END-- [ RunTime:0.023372s ]
INFO: [ view_filter ] --START--
INFO: ContentReplace Behavior ::run [ RunTime:0.001157s ]
INFO: TokenBuild Behavior ::run [ RunTime:0.001392s ]
INFO: WriteHtmlCache Behavior ::run [ RunTime:0.001271s ]
INFO: ShowRuntime Behavior ::run [ RunTime:0.001491s ]
INFO: [ view_filter ] --END-- [ RunTime:0.006091s ]
INFO: [ view_end ] --START--
INFO: ShowPageTrace Behavior ::run [ RunTime:0.001454s ]
INFO: [ view_end ] --END-- [ RunTime:0.001679s ]

[ 2013-12-27T14:51:37+08:00 ] 127.0.0.1 /Trunk/index.php/Demo/demo
INFO: [ route_check ] --START--
INFO: CheckRoute Behavior ::run [ RunTime:0.001416s ]
INFO: [ route_check ] --END-- [ RunTime:0.001651s ]
INFO: [ app_begin ] --START--
INFO: ReadHtmlCache Behavior ::run [ RunTime:0.001373s ]
INFO: [ app_begin ] --END-- [ RunTime:0.002716s ]
NOTIC: [8] Constant THEME_NAME already defined C:\wamp\www\trunk\ThinkPHP\Lib\Core\View.class.php 第 223 行.
NOTIC: [8] Constant THEME_PATH already defined C:\wamp\www\trunk\ThinkPHP\Lib\Core\View.class.php 第 174 行.
NOTIC: [8] Constant APP_TMPL_PATH already defined C:\wamp\www\trunk\ThinkPHP\Lib\Core\View.class.php 第 175 行.
INFO: [ view_parse ] --START--
INFO: ParseTemplate Behavior ::run [ RunTime:0.036070s ]
INFO: [ view_parse ] --END-- [ RunTime:0.036301s ]
INFO: [ view_filter ] --START--
INFO: ContentReplace Behavior ::run [ RunTime:0.001082s ]
INFO: TokenBuild Behavior ::run [ RunTime:0.001382s ]
INFO: WriteHtmlCache Behavior ::run [ RunTime:0.000780s ]
INFO: ShowRuntime Behavior ::run [ RunTime:0.001227s ]
INFO: [ view_filter ] --END-- [ RunTime:0.005065s ]
INFO: [ view_end ] --START--
INFO: ShowPageTrace Behavior ::run [ RunTime:0.001457s ]
INFO: [ view_end ] --END-- [ RunTime:0.001664s ]

[ 2013-12-27T14:51:57+08:00 ] 127.0.0.1 /Trunk/index.php/Demo/demo
INFO: [ route_check ] --START--
INFO: CheckRoute Behavior ::run [ RunTime:0.001855s ]
INFO: [ route_check ] --END-- [ RunTime:0.002109s ]
INFO: [ app_begin ] --START--
INFO: ReadHtmlCache Behavior ::run [ RunTime:0.003041s ]
INFO: [ app_begin ] --END-- [ RunTime:0.003778s ]
NOTIC: [8] Constant THEME_NAME already defined C:\wamp\www\trunk\ThinkPHP\Lib\Core\View.class.php 第 223 行.
NOTIC: [8] Constant THEME_PATH already defined C:\wamp\www\trunk\ThinkPHP\Lib\Core\View.class.php 第 174 行.
NOTIC: [8] Constant APP_TMPL_PATH already defined C:\wamp\www\trunk\ThinkPHP\Lib\Core\View.class.php 第 175 行.
INFO: [ view_parse ] --START--
INFO: ParseTemplate Behavior ::run [ RunTime:0.014309s ]
INFO: [ view_parse ] --END-- [ RunTime:0.014707s ]
INFO: [ view_filter ] --START--
INFO: ContentReplace Behavior ::run [ RunTime:0.002311s ]
INFO: TokenBuild Behavior ::run [ RunTime:0.001474s ]
INFO: WriteHtmlCache Behavior ::run [ RunTime:0.001076s ]
INFO: ShowRuntime Behavior ::run [ RunTime:0.001750s ]
INFO: [ view_filter ] --END-- [ RunTime:0.007729s ]
INFO: [ view_end ] --START--
INFO: ShowPageTrace Behavior ::run [ RunTime:0.001913s ]
INFO: [ view_end ] --END-- [ RunTime:0.002203s ]

[ 2013-12-27T14:52:16+08:00 ] 127.0.0.1 /Trunk/index.php/Demo/demo
INFO: [ route_check ] --START--
INFO: CheckRoute Behavior ::run [ RunTime:0.001675s ]
INFO: [ route_check ] --END-- [ RunTime:0.001959s ]
INFO: [ app_begin ] --START--
INFO: ReadHtmlCache Behavior ::run [ RunTime:0.001757s ]
INFO: [ app_begin ] --END-- [ RunTime:0.002099s ]
NOTIC: [8] Constant THEME_NAME already defined C:\wamp\www\trunk\ThinkPHP\Lib\Core\View.class.php 第 223 行.
NOTIC: [8] Constant THEME_PATH already defined C:\wamp\www\trunk\ThinkPHP\Lib\Core\View.class.php 第 174 行.
NOTIC: [8] Constant APP_TMPL_PATH already defined C:\wamp\www\trunk\ThinkPHP\Lib\Core\View.class.php 第 175 行.
INFO: [ view_parse ] --START--
INFO: ParseTemplate Behavior ::run [ RunTime:0.063397s ]
INFO: [ view_parse ] --END-- [ RunTime:0.063788s ]
INFO: [ view_filter ] --START--
INFO: ContentReplace Behavior ::run [ RunTime:0.001488s ]
INFO: TokenBuild Behavior ::run [ RunTime:0.001820s ]
INFO: WriteHtmlCache Behavior ::run [ RunTime:0.002962s ]
INFO: ShowRuntime Behavior ::run [ RunTime:0.001756s ]
INFO: [ view_filter ] --END-- [ RunTime:0.009307s ]
INFO: [ view_end ] --START--
INFO: ShowPageTrace Behavior ::run [ RunTime:0.002614s ]
INFO: [ view_end ] --END-- [ RunTime:0.002966s ]

[ 2013-12-27T14:52:21+08:00 ] 127.0.0.1 /Trunk/index.php/Demo/demo
INFO: [ route_check ] --START--
INFO: CheckRoute Behavior ::run [ RunTime:0.001617s ]
INFO: [ route_check ] --END-- [ RunTime:0.001900s ]
INFO: [ app_begin ] --START--
INFO: ReadHtmlCache Behavior ::run [ RunTime:0.001687s ]
INFO: [ app_begin ] --END-- [ RunTime:0.001911s ]
NOTIC: [8] Constant THEME_NAME already defined C:\wamp\www\trunk\ThinkPHP\Lib\Core\View.class.php 第 223 行.
NOTIC: [8] Constant THEME_PATH already defined C:\wamp\www\trunk\ThinkPHP\Lib\Core\View.class.php 第 174 行.
NOTIC: [8] Constant APP_TMPL_PATH already defined C:\wamp\www\trunk\ThinkPHP\Lib\Core\View.class.php 第 175 行.
INFO: [ view_parse ] --START--
INFO: ParseTemplate Behavior ::run [ RunTime:0.014286s ]
INFO: [ view_parse ] --END-- [ RunTime:0.014876s ]
INFO: [ view_filter ] --START--
INFO: ContentReplace Behavior ::run [ RunTime:0.001362s ]
INFO: TokenBuild Behavior ::run [ RunTime:0.001534s ]
INFO: WriteHtmlCache Behavior ::run [ RunTime:0.001182s ]
INFO: ShowRuntime Behavior ::run [ RunTime:0.002056s ]
INFO: [ view_filter ] --END-- [ RunTime:0.007219s ]
INFO: [ view_end ] --START--
INFO: ShowPageTrace Behavior ::run [ RunTime:0.002050s ]
INFO: [ view_end ] --END-- [ RunTime:0.002368s ]

[ 2013-12-27T14:52:31+08:00 ] 127.0.0.1 /Trunk/index.php/Demo/demo
INFO: [ route_check ] --START--
INFO: CheckRoute Behavior ::run [ RunTime:0.001661s ]
INFO: [ route_check ] --END-- [ RunTime:0.001902s ]
INFO: [ app_begin ] --START--
INFO: ReadHtmlCache Behavior ::run [ RunTime:0.001618s ]
INFO: [ app_begin ] --END-- [ RunTime:0.001898s ]
NOTIC: [8] Constant THEME_NAME already defined C:\wamp\www\trunk\ThinkPHP\Lib\Core\View.class.php 第 223 行.
NOTIC: [8] Constant THEME_PATH already defined C:\wamp\www\trunk\ThinkPHP\Lib\Core\View.class.php 第 174 行.
NOTIC: [8] Constant APP_TMPL_PATH already defined C:\wamp\www\trunk\ThinkPHP\Lib\Core\View.class.php 第 175 行.
INFO: [ view_parse ] --START--
INFO: ParseTemplate Behavior ::run [ RunTime:0.016494s ]
INFO: [ view_parse ] --END-- [ RunTime:0.016844s ]
INFO: [ view_filter ] --START--
INFO: ContentReplace Behavior ::run [ RunTime:0.001295s ]
INFO: TokenBuild Behavior ::run [ RunTime:0.001388s ]
INFO: WriteHtmlCache Behavior ::run [ RunTime:0.001075s ]
INFO: ShowRuntime Behavior ::run [ RunTime:0.001602s ]
INFO: [ view_filter ] --END-- [ RunTime:0.006346s ]
INFO: [ view_end ] --START--
INFO: ShowPageTrace Behavior ::run [ RunTime:0.001694s ]
INFO: [ view_end ] --END-- [ RunTime:0.001996s ]

[ 2013-12-27T14:52:44+08:00 ] 127.0.0.1 /Trunk/index.php/
INFO: [ route_check ] --START--
INFO: CheckRoute Behavior ::run [ RunTime:0.002267s ]
INFO: [ route_check ] --END-- [ RunTime:0.003964s ]
INFO: [ app_begin ] --START--
INFO: ReadHtmlCache Behavior ::run [ RunTime:0.001731s ]
INFO: [ app_begin ] --END-- [ RunTime:0.002072s ]
SQL: SHOW COLUMNS FROM `t_monkey_cms_index` [ RunTime:0.003964s ]
SQL: SELECT * FROM `t_monkey_cms_index` WHERE ( status=1 ) ORDER BY weight DESC  [ RunTime:0.017234s ]
SQL: SHOW COLUMNS FROM `t_monkey_coupon_info` [ RunTime:0.005808s ]
SQL: SELECT * FROM `t_monkey_coupon_info` WHERE ( coupon_id IN (1,2) )  [ RunTime:0.001077s ]
SQL: SHOW COLUMNS FROM `t_monkey_news` [ RunTime:0.029596s ]
SQL: SELECT * FROM `t_monkey_news` WHERE ( news_id IN (1,5,4,3,2,6) )  [ RunTime:0.000777s ]
SQL: SHOW COLUMNS FROM monkey.t_monkey_ad [ RunTime:0.004576s ]
SQL: SELECT * FROM monkey.t_monkey_ad WHERE ( id IN (1,2,3) )  [ RunTime:0.000583s ]
SQL: SHOW COLUMNS FROM `t_monkey_partner_info` [ RunTime:0.003900s ]
SQL: SELECT * FROM `t_monkey_partner_info` WHERE ( partner_id IN (1,2,3,4,5,6,7,8,9) )  [ RunTime:0.000770s ]
SQL: SHOW COLUMNS FROM `t_monkey_partner_picture` [ RunTime:0.003923s ]
SQL: SELECT * FROM `t_monkey_partner_picture` WHERE ( partner_id IN (1,2,3,4,5,6,7,8,9) )  [ RunTime:0.000625s ]
SQL: SHOW COLUMNS FROM `t_monkey_partner_info` [ RunTime:0.004217s ]
SQL: SELECT * FROM `t_monkey_partner_info` WHERE ( partner_id IN (5,6,1,2,3,4) )  [ RunTime:0.000657s ]
SQL: SHOW COLUMNS FROM `t_monkey_partner_picture` [ RunTime:0.010205s ]
SQL: SELECT * FROM `t_monkey_partner_picture` WHERE ( partner_id IN (5,6,1,2,3,4) )  [ RunTime:0.000827s ]
SQL: SHOW COLUMNS FROM `t_monkey_partner_evaluation` [ RunTime:0.005904s ]
SQL: SELECT * FROM `t_monkey_partner_evaluation` WHERE ( evaluation_type = '0' ) ORDER BY createtime DESC  [ RunTime:0.000875s ]
SQL: SHOW COLUMNS FROM `t_monkey_user_profile` [ RunTime:0.005635s ]
SQL: SELECT * FROM `t_monkey_user_profile` WHERE ( user_id IN (1,1,1,1) )  [ RunTime:0.001100s ]
SQL: SHOW COLUMNS FROM `t_monkey_partner_info` [ RunTime:0.004473s ]
SQL: SELECT * FROM `t_monkey_partner_info` WHERE ( partner_id IN (2,1,2,1) )  [ RunTime:0.000631s ]
INFO: [ view_parse ] --START--
NOTIC: [8] Undefined variable: card C:\wamp\www\trunk\App\Runtime\Cache\Home\5af3b772512f93bbed89b40e875139eb.php 第 445 行.
INFO: ParseTemplate Behavior ::run [ RunTime:0.070560s ]
INFO: [ view_parse ] --END-- [ RunTime:0.070870s ]
INFO: [ view_filter ] --START--
INFO: ContentReplace Behavior ::run [ RunTime:0.002999s ]
INFO: TokenBuild Behavior ::run [ RunTime:0.001808s ]
INFO: WriteHtmlCache Behavior ::run [ RunTime:0.001049s ]
INFO: ShowRuntime Behavior ::run [ RunTime:0.002451s ]
INFO: [ view_filter ] --END-- [ RunTime:0.009143s ]
INFO: [ view_end ] --START--
INFO: ShowPageTrace Behavior ::run [ RunTime:0.001600s ]
INFO: [ view_end ] --END-- [ RunTime:0.001869s ]

[ 2013-12-27T14:52:45+08:00 ] 127.0.0.1 /Trunk/index.php/Home/Register/verifyImg
INFO: [ route_check ] --START--
INFO: CheckRoute Behavior ::run [ RunTime:0.003015s ]
INFO: [ route_check ] --END-- [ RunTime:0.003778s ]
INFO: [ app_begin ] --START--
INFO: ReadHtmlCache Behavior ::run [ RunTime:0.001508s ]
INFO: [ app_begin ] --END-- [ RunTime:0.001748s ]

[ 2013-12-27T14:52:45+08:00 ] 127.0.0.1 /Trunk/index.php/Home/Login/verifyImg
INFO: [ route_check ] --START--
INFO: CheckRoute Behavior ::run [ RunTime:0.002342s ]
INFO: [ route_check ] --END-- [ RunTime:0.002619s ]
INFO: [ app_begin ] --START--
INFO: ReadHtmlCache Behavior ::run [ RunTime:0.001895s ]
INFO: [ app_begin ] --END-- [ RunTime:0.002182s ]

[ 2013-12-27T14:53:10+08:00 ] 127.0.0.1 /Trunk/index.php/Demo/demo
INFO: [ route_check ] --START--
INFO: CheckRoute Behavior ::run [ RunTime:0.001308s ]
INFO: [ route_check ] --END-- [ RunTime:0.001545s ]
INFO: [ app_begin ] --START--
INFO: ReadHtmlCache Behavior ::run [ RunTime:0.002084s ]
INFO: [ app_begin ] --END-- [ RunTime:0.002313s ]
NOTIC: [8] Constant THEME_NAME already defined C:\wamp\www\trunk\ThinkPHP\Lib\Core\View.class.php 第 223 行.
NOTIC: [8] Constant THEME_PATH already defined C:\wamp\www\trunk\ThinkPHP\Lib\Core\View.class.php 第 174 行.
NOTIC: [8] Constant APP_TMPL_PATH already defined C:\wamp\www\trunk\ThinkPHP\Lib\Core\View.class.php 第 175 行.
INFO: [ view_parse ] --START--
INFO: ParseTemplate Behavior ::run [ RunTime:0.015532s ]
INFO: [ view_parse ] --END-- [ RunTime:0.015761s ]
INFO: [ view_filter ] --START--
INFO: ContentReplace Behavior ::run [ RunTime:0.000911s ]
INFO: TokenBuild Behavior ::run [ RunTime:0.001223s ]
INFO: WriteHtmlCache Behavior ::run [ RunTime:0.000801s ]
INFO: ShowRuntime Behavior ::run [ RunTime:0.001119s ]
INFO: [ view_filter ] --END-- [ RunTime:0.005053s ]
INFO: [ view_end ] --START--
INFO: ShowPageTrace Behavior ::run [ RunTime:0.001358s ]
INFO: [ view_end ] --END-- [ RunTime:0.001621s ]

[ 2013-12-27T14:53:31+08:00 ] 127.0.0.1 /Trunk/index.php/Demo/demo
INFO: [ route_check ] --START--
INFO: CheckRoute Behavior ::run [ RunTime:0.001260s ]
INFO: [ route_check ] --END-- [ RunTime:0.001522s ]
INFO: [ app_begin ] --START--
INFO: ReadHtmlCache Behavior ::run [ RunTime:0.000972s ]
INFO: [ app_begin ] --END-- [ RunTime:0.001275s ]
NOTIC: [8] Constant THEME_NAME already defined C:\wamp\www\trunk\ThinkPHP\Lib\Core\View.class.php 第 223 行.
NOTIC: [8] Constant THEME_PATH already defined C:\wamp\www\trunk\ThinkPHP\Lib\Core\View.class.php 第 174 行.
NOTIC: [8] Constant APP_TMPL_PATH already defined C:\wamp\www\trunk\ThinkPHP\Lib\Core\View.class.php 第 175 行.
INFO: [ view_parse ] --START--
INFO: ParseTemplate Behavior ::run [ RunTime:0.014573s ]
INFO: [ view_parse ] --END-- [ RunTime:0.014835s ]
INFO: [ view_filter ] --START--
INFO: ContentReplace Behavior ::run [ RunTime:0.001248s ]
INFO: TokenBuild Behavior ::run [ RunTime:0.001039s ]
INFO: WriteHtmlCache Behavior ::run [ RunTime:0.001131s ]
INFO: ShowRuntime Behavior ::run [ RunTime:0.001295s ]
INFO: [ view_filter ] --END-- [ RunTime:0.005433s ]
INFO: [ view_end ] --START--
INFO: ShowPageTrace Behavior ::run [ RunTime:0.001636s ]
INFO: [ view_end ] --END-- [ RunTime:0.001849s ]

[ 2013-12-27T14:53:35+08:00 ] 127.0.0.1 /Trunk/index.php/Demo/demo
INFO: [ route_check ] --START--
INFO: CheckRoute Behavior ::run [ RunTime:0.001112s ]
INFO: [ route_check ] --END-- [ RunTime:0.001354s ]
INFO: [ app_begin ] --START--
INFO: ReadHtmlCache Behavior ::run [ RunTime:0.000895s ]
INFO: [ app_begin ] --END-- [ RunTime:0.001105s ]
NOTIC: [8] Constant THEME_NAME already defined C:\wamp\www\trunk\ThinkPHP\Lib\Core\View.class.php 第 223 行.
NOTIC: [8] Constant THEME_PATH already defined C:\wamp\www\trunk\ThinkPHP\Lib\Core\View.class.php 第 174 行.
NOTIC: [8] Constant APP_TMPL_PATH already defined C:\wamp\www\trunk\ThinkPHP\Lib\Core\View.class.php 第 175 行.
INFO: [ view_parse ] --START--
INFO: ParseTemplate Behavior ::run [ RunTime:0.012384s ]
INFO: [ view_parse ] --END-- [ RunTime:0.012633s ]
INFO: [ view_filter ] --START--
INFO: ContentReplace Behavior ::run [ RunTime:0.001027s ]
INFO: TokenBuild Behavior ::run [ RunTime:0.001162s ]
INFO: WriteHtmlCache Behavior ::run [ RunTime:0.000697s ]
INFO: ShowRuntime Behavior ::run [ RunTime:0.001212s ]
INFO: [ view_filter ] --END-- [ RunTime:0.004849s ]
INFO: [ view_end ] --START--
INFO: ShowPageTrace Behavior ::run [ RunTime:0.001678s ]
INFO: [ view_end ] --END-- [ RunTime:0.001973s ]

[ 2013-12-27T14:53:40+08:00 ] 127.0.0.1 /Trunk/index.php/Demo/demo
INFO: [ route_check ] --START--
INFO: CheckRoute Behavior ::run [ RunTime:0.001356s ]
INFO: [ route_check ] --END-- [ RunTime:0.001661s ]
INFO: [ app_begin ] --START--
INFO: ReadHtmlCache Behavior ::run [ RunTime:0.001110s ]
INFO: [ app_begin ] --END-- [ RunTime:0.001344s ]
NOTIC: [8] Constant THEME_NAME already defined C:\wamp\www\trunk\ThinkPHP\Lib\Core\View.class.php 第 223 行.
NOTIC: [8] Constant THEME_PATH already defined C:\wamp\www\trunk\ThinkPHP\Lib\Core\View.class.php 第 174 行.
NOTIC: [8] Constant APP_TMPL_PATH already defined C:\wamp\www\trunk\ThinkPHP\Lib\Core\View.class.php 第 175 行.
INFO: [ view_parse ] --START--
INFO: ParseTemplate Behavior ::run [ RunTime:0.014038s ]
INFO: [ view_parse ] --END-- [ RunTime:0.014284s ]
INFO: [ view_filter ] --START--
INFO: ContentReplace Behavior ::run [ RunTime:0.001103s ]
INFO: TokenBuild Behavior ::run [ RunTime:0.001359s ]
INFO: WriteHtmlCache Behavior ::run [ RunTime:0.000882s ]
INFO: ShowRuntime Behavior ::run [ RunTime:0.001714s ]
INFO: [ view_filter ] --END-- [ RunTime:0.005698s ]
INFO: [ view_end ] --START--
INFO: ShowPageTrace Behavior ::run [ RunTime:0.001633s ]
INFO: [ view_end ] --END-- [ RunTime:0.001887s ]

[ 2013-12-27T14:54:06+08:00 ] 127.0.0.1 /Trunk/index.php/Demo/demo
INFO: [ route_check ] --START--
INFO: CheckRoute Behavior ::run [ RunTime:0.001608s ]
INFO: [ route_check ] --END-- [ RunTime:0.001871s ]
INFO: [ app_begin ] --START--
INFO: ReadHtmlCache Behavior ::run [ RunTime:0.001271s ]
INFO: [ app_begin ] --END-- [ RunTime:0.001568s ]
NOTIC: [8] Constant THEME_NAME already defined C:\wamp\www\trunk\ThinkPHP\Lib\Core\View.class.php 第 223 行.
NOTIC: [8] Constant THEME_PATH already defined C:\wamp\www\trunk\ThinkPHP\Lib\Core\View.class.php 第 174 行.
NOTIC: [8] Constant APP_TMPL_PATH already defined C:\wamp\www\trunk\ThinkPHP\Lib\Core\View.class.php 第 175 行.
INFO: [ view_parse ] --START--
INFO: ParseTemplate Behavior ::run [ RunTime:0.021800s ]
INFO: [ view_parse ] --END-- [ RunTime:0.022870s ]
INFO: [ view_filter ] --START--
INFO: ContentReplace Behavior ::run [ RunTime:0.001305s ]
INFO: TokenBuild Behavior ::run [ RunTime:0.001302s ]
INFO: WriteHtmlCache Behavior ::run [ RunTime:0.001009s ]
INFO: ShowRuntime Behavior ::run [ RunTime:0.001640s ]
INFO: [ view_filter ] --END-- [ RunTime:0.005900s ]
INFO: [ view_end ] --START--
INFO: ShowPageTrace Behavior ::run [ RunTime:0.002543s ]
INFO: [ view_end ] --END-- [ RunTime:0.002777s ]

[ 2013-12-27T14:54:39+08:00 ] 127.0.0.1 /Trunk/index.php/Demo/demo
INFO: [ route_check ] --START--
INFO: CheckRoute Behavior ::run [ RunTime:0.001860s ]
INFO: [ route_check ] --END-- [ RunTime:0.002119s ]
INFO: [ app_begin ] --START--
INFO: ReadHtmlCache Behavior ::run [ RunTime:0.000976s ]
INFO: [ app_begin ] --END-- [ RunTime:0.001199s ]
NOTIC: [8] Constant THEME_NAME already defined C:\wamp\www\trunk\ThinkPHP\Lib\Core\View.class.php 第 223 行.
NOTIC: [8] Constant THEME_PATH already defined C:\wamp\www\trunk\ThinkPHP\Lib\Core\View.class.php 第 174 行.
NOTIC: [8] Constant APP_TMPL_PATH already defined C:\wamp\www\trunk\ThinkPHP\Lib\Core\View.class.php 第 175 行.
INFO: [ view_parse ] --START--
INFO: ParseTemplate Behavior ::run [ RunTime:0.014769s ]
INFO: [ view_parse ] --END-- [ RunTime:0.015002s ]
INFO: [ view_filter ] --START--
INFO: ContentReplace Behavior ::run [ RunTime:0.001004s ]
INFO: TokenBuild Behavior ::run [ RunTime:0.001488s ]
INFO: WriteHtmlCache Behavior ::run [ RunTime:0.001064s ]
INFO: ShowRuntime Behavior ::run [ RunTime:0.001363s ]
INFO: [ view_filter ] --END-- [ RunTime:0.005608s ]
INFO: [ view_end ] --START--
INFO: ShowPageTrace Behavior ::run [ RunTime:0.001772s ]
INFO: [ view_end ] --END-- [ RunTime:0.002117s ]

[ 2013-12-27T14:56:15+08:00 ] 127.0.0.1 /Trunk/index.php/Demo/demo
INFO: [ route_check ] --START--
INFO: CheckRoute Behavior ::run [ RunTime:0.001803s ]
INFO: [ route_check ] --END-- [ RunTime:0.002064s ]
INFO: [ app_begin ] --START--
INFO: ReadHtmlCache Behavior ::run [ RunTime:0.003620s ]
INFO: [ app_begin ] --END-- [ RunTime:0.003874s ]
NOTIC: [8] Constant THEME_NAME already defined C:\wamp\www\trunk\ThinkPHP\Lib\Core\View.class.php 第 223 行.
NOTIC: [8] Constant THEME_PATH already defined C:\wamp\www\trunk\ThinkPHP\Lib\Core\View.class.php 第 174 行.
NOTIC: [8] Constant APP_TMPL_PATH already defined C:\wamp\www\trunk\ThinkPHP\Lib\Core\View.class.php 第 175 行.
INFO: [ view_parse ] --START--
INFO: ParseTemplate Behavior ::run [ RunTime:0.014412s ]
INFO: [ view_parse ] --END-- [ RunTime:0.014668s ]
INFO: [ view_filter ] --START--
INFO: ContentReplace Behavior ::run [ RunTime:0.001288s ]
INFO: TokenBuild Behavior ::run [ RunTime:0.001148s ]
INFO: WriteHtmlCache Behavior ::run [ RunTime:0.001043s ]
INFO: ShowRuntime Behavior ::run [ RunTime:0.001364s ]
INFO: [ view_filter ] --END-- [ RunTime:0.005480s ]
INFO: [ view_end ] --START--
INFO: ShowPageTrace Behavior ::run [ RunTime:0.001416s ]
INFO: [ view_end ] --END-- [ RunTime:0.001631s ]

