[ 2014-02-15T16:21:39+08:00 ] 127.0.0.1 /trunk/index.php/index/index.html
INFO: [ route_check ] --START--
INFO: CheckRoute Behavior ::run [ RunTime:0.001983s ]
INFO: [ route_check ] --END-- [ RunTime:0.002271s ]
INFO: [ app_begin ] --START--
INFO: ReadHtmlCache Behavior ::run [ RunTime:0.002317s ]
INFO: [ app_begin ] --END-- [ RunTime:0.002571s ]
NOTIC: [8] Undefined index: user C:\wamp\www\trunk\ThinkPHP\Lib\Core\Action.class.php 第 413 行.
SQL: SHOW COLUMNS FROM `t_monkey_cms_index` [ RunTime:0.020291s ]
SQL: SELECT * FROM `t_monkey_cms_index` WHERE ( status=1 ) ORDER BY weight DESC  [ RunTime:0.001608s ]
SQL: SHOW COLUMNS FROM `t_monkey_coupon_info` [ RunTime:0.005375s ]
SQL: SELECT * FROM `t_monkey_coupon_info` WHERE ( coupon_id IN (4,3,2,1) )  [ RunTime:0.000932s ]
NOTIC: [8] Undefined index: order_by C:\wamp\www\trunk\App\Lib\Model\Home\CouponModel.class.php 第 93 行.
SQL: SELECT * FROM `t_monkey_coupon_info` WHERE ( 1 = 1 AND (label_type & 1 = 1) ) LIMIT 0,4   [ RunTime:0.000922s ]
NOTIC: [8] Undefined index: order_by C:\wamp\www\trunk\App\Lib\Model\Home\CouponModel.class.php 第 93 行.
SQL: SELECT * FROM `t_monkey_coupon_info` WHERE ( 1 = 1 AND (label_type & 4 = 4) ) LIMIT 0,4   [ RunTime:0.000587s ]
NOTIC: [8] Undefined index: order_by C:\wamp\www\trunk\App\Lib\Model\Home\CouponModel.class.php 第 93 行.
SQL: SELECT * FROM `t_monkey_coupon_info` WHERE ( 1 = 1 AND (label_type & 2 = 2) ) LIMIT 0,4   [ RunTime:0.000578s ]
SQL: SHOW COLUMNS FROM `t_monkey_coupon_info` [ RunTime:0.005114s ]
SQL: SELECT * FROM `t_monkey_coupon_info` WHERE ( coupon_id IN (1,2) )  [ RunTime:0.003499s ]
SQL: SHOW COLUMNS FROM `t_monkey_news` [ RunTime:0.004858s ]
SQL: SELECT * FROM `t_monkey_news` WHERE ( news_id IN (1,2,3,4,5,6) )  [ RunTime:0.000559s ]
SQL: SHOW COLUMNS FROM monkey.t_monkey_ad [ RunTime:0.005399s ]
SQL: SELECT * FROM monkey.t_monkey_ad WHERE ( id IN (3,2,1) )  [ RunTime:0.000515s ]
SQL: SHOW COLUMNS FROM `t_monkey_partner_info` [ RunTime:0.006727s ]
SQL: SELECT * FROM `t_monkey_partner_info` WHERE ( partner_id IN (12,11,13) )  [ RunTime:0.001051s ]
SQL: SHOW COLUMNS FROM `t_monkey_partner_picture` [ RunTime:0.004309s ]
SQL: SELECT * FROM `t_monkey_partner_picture` WHERE ( partner_id IN (12,11,13) )  [ RunTime:0.000628s ]
SQL: SHOW COLUMNS FROM `t_monkey_partner_info` [ RunTime:0.005046s ]
SQL: SELECT * FROM `t_monkey_partner_info` WHERE ( partner_id IN (5,6,1,2,3,4) )  [ RunTime:0.000560s ]
SQL: SHOW COLUMNS FROM `t_monkey_partner_picture` [ RunTime:0.034093s ]
SQL: SELECT * FROM `t_monkey_partner_picture` WHERE ( partner_id IN (5,6,1,2,3,4) )  [ RunTime:0.000640s ]
SQL: SHOW COLUMNS FROM `t_monkey_partner_evaluation` [ RunTime:0.005343s ]
SQL: SELECT * FROM `t_monkey_partner_evaluation` WHERE ( evaluation_type = '0' ) ORDER BY createtime DESC  [ RunTime:0.000836s ]
SQL: SHOW COLUMNS FROM `t_monkey_user_profile` [ RunTime:0.010348s ]
SQL: SELECT * FROM `t_monkey_user_profile` WHERE ( user_id IN (14,14,1,1) )  [ RunTime:0.001057s ]
SQL: SHOW COLUMNS FROM `t_monkey_partner_info` [ RunTime:0.006551s ]
SQL: SELECT * FROM `t_monkey_partner_info` WHERE ( partner_id IN (2,1,2,1) )  [ RunTime:0.006332s ]
INFO: [ view_parse ] --START--
INFO: ParseTemplate Behavior ::run [ RunTime:0.083738s ]
INFO: [ view_parse ] --END-- [ RunTime:0.083985s ]
INFO: [ view_filter ] --START--
INFO: ContentReplace Behavior ::run [ RunTime:0.002300s ]
INFO: TokenBuild Behavior ::run [ RunTime:0.001664s ]
INFO: WriteHtmlCache Behavior ::run [ RunTime:0.001506s ]
INFO: ShowRuntime Behavior ::run [ RunTime:0.002084s ]
INFO: [ view_filter ] --END-- [ RunTime:0.008201s ]
INFO: [ view_end ] --START--
INFO: ShowPageTrace Behavior ::run [ RunTime:0.002376s ]
INFO: [ view_end ] --END-- [ RunTime:0.002603s ]

