[ 2014-03-29T20:22:28+08:00 ] 127.0.0.1 /trunk/index.php
INFO: [ app_begin ] --START--
INFO: ReadHtmlCache Behavior ::run [ RunTime:0.004219s ]
INFO: [ app_begin ] --END-- [ RunTime:0.004529s ]
NOTIC: [8] Undefined index: user C:\wamp\www\trunk\ThinkPHP\Lib\Core\Action.class.php 第 413 行.
SQL: SHOW COLUMNS FROM `t_monkey_cms_index` [ RunTime:0.670973s ]
SQL: SELECT * FROM `t_monkey_cms_index` WHERE ( status=1 ) ORDER BY weight DESC  [ RunTime:0.447640s ]
NOTIC: [8] Undefined variable: coupon C:\wamp\www\trunk\App\Lib\Action\Home\IndexAction.class.php 第 26 行.
SQL: SHOW COLUMNS FROM `t_monkey_coupon_info` [ RunTime:0.139241s ]
SQL: SHOW COLUMNS FROM `t_monkey_category` [ RunTime:0.115848s ]
NOTIC: [8] Undefined index: order_by C:\wamp\www\trunk\App\Lib\Model\Home\CouponModel.class.php 第 80 行.
SQL: SELECT * FROM `t_monkey_coupon_info` WHERE ( 1 = 1 AND (label_type & 1 = 1) ) LIMIT 0,10   [ RunTime:0.093659s ]
SQL: SELECT * FROM `t_monkey_category` WHERE ( 1 = 1 AND label_type IN (1) AND status = 1 ) LIMIT 0,5   [ RunTime:0.054612s ]
NOTIC: [8] Undefined index: order_by C:\wamp\www\trunk\App\Lib\Model\Home\CouponModel.class.php 第 80 行.
SQL: SELECT * FROM `t_monkey_coupon_info` WHERE ( 1 = 1 AND (label_type & 4 = 4) ) LIMIT 0,10   [ RunTime:0.001728s ]
SQL: SELECT * FROM `t_monkey_category` WHERE ( 1 = 1 AND label_type IN (3) AND status = 1 ) LIMIT 0,5   [ RunTime:0.000546s ]
NOTIC: [8] Undefined index: order_by C:\wamp\www\trunk\App\Lib\Model\Home\CouponModel.class.php 第 80 行.
SQL: SELECT * FROM `t_monkey_coupon_info` WHERE ( 1 = 1 AND (label_type & 2 = 2) ) LIMIT 0,10   [ RunTime:0.000677s ]
SQL: SELECT * FROM `t_monkey_category` WHERE ( 1 = 1 AND label_type IN (2) AND status = 1 ) LIMIT 0,5   [ RunTime:0.000396s ]
NOTIC: [8] Undefined index: id C:\wamp\www\trunk\App\Lib\Action\Home\IndexAction.class.php 第 193 行.
SQL: SHOW COLUMNS FROM monkey.t_monkey_ad [ RunTime:0.054373s ]
SQL: SELECT * FROM monkey.t_monkey_ad WHERE ( id IN (4,3,2,1) )  [ RunTime:0.029466s ]
SQL: SHOW COLUMNS FROM `t_monkey_partner_info` [ RunTime:0.119957s ]
SQL: SELECT * FROM `t_monkey_partner_info` WHERE ( partner_id IN (11,19,12,13,15,14) )  [ RunTime:0.049357s ]
SQL: SHOW COLUMNS FROM `t_monkey_partner_picture` [ RunTime:0.025924s ]
SQL: SELECT * FROM `t_monkey_partner_picture` WHERE ( partner_id IN (11,19,12,13,15,14) )  [ RunTime:0.055319s ]
SQL: SHOW COLUMNS FROM `t_monkey_partner_evaluation` [ RunTime:0.035112s ]
SQL: SELECT * FROM `t_monkey_partner_evaluation` WHERE ( evaluation_type = '0' ) ORDER BY createtime DESC  [ RunTime:0.078575s ]
SQL: SHOW COLUMNS FROM `t_monkey_user_profile` [ RunTime:0.084155s ]
NOTIC: [2] Invalid argument supplied for foreach() C:\wamp\www\trunk\App\Lib\Action\Home\IndexAction.class.php 第 192 行.
SQL: SHOW COLUMNS FROM `t_monkey_partner_info` [ RunTime:0.012232s ]
SQL: SHOW COLUMNS FROM `t_monkey_location` [ RunTime:0.038654s ]
SQL: SELECT * FROM `t_monkey_location` WHERE ( 1 = 1 ) LIMIT 0,5   [ RunTime:0.016888s ]
SQL: SHOW COLUMNS FROM `t_monkey_category` [ RunTime:0.011453s ]
SQL: SELECT * FROM `t_monkey_category` WHERE ( 1 = 1 AND status = 1 ) LIMIT 0,6   [ RunTime:0.001121s ]
INFO: [ view_parse ] --START--
NOTIC: [8] Undefined index: user C:\wamp\www\trunk\App\Runtime\Cache\Home\5af3b772512f93bbed89b40e875139eb.php 第 123 行.
INFO: ParseTemplate Behavior ::run [ RunTime:0.541905s ]
INFO: [ view_parse ] --END-- [ RunTime:0.542187s ]
INFO: [ view_filter ] --START--
INFO: ContentReplace Behavior ::run [ RunTime:0.003623s ]
INFO: TokenBuild Behavior ::run [ RunTime:0.003029s ]
INFO: WriteHtmlCache Behavior ::run [ RunTime:0.002226s ]
INFO: ShowRuntime Behavior ::run [ RunTime:0.003846s ]
INFO: [ view_filter ] --END-- [ RunTime:0.013865s ]
INFO: [ view_end ] --START--
INFO: ShowPageTrace Behavior ::run [ RunTime:0.011907s ]
INFO: [ view_end ] --END-- [ RunTime:0.012143s ]

[ 2014-03-29T20:22:29+08:00 ] 127.0.0.1 /trunk/index.php/home/user/verifyImg
INFO: [ route_check ] --START--
INFO: CheckRoute Behavior ::run [ RunTime:0.003644s ]
INFO: [ route_check ] --END-- [ RunTime:0.003984s ]
NOTIC: [2] stripslashes() expects exactly 1 parameter, 2 given C:\wamp\www\trunk\ThinkPHP\Lib\Core\App.class.php 第 57 行.
NOTIC: [2] stripslashes() expects exactly 1 parameter, 2 given C:\wamp\www\trunk\ThinkPHP\Lib\Core\App.class.php 第 57 行.
NOTIC: [2] stripslashes() expects exactly 1 parameter, 2 given C:\wamp\www\trunk\ThinkPHP\Lib\Core\App.class.php 第 57 行.
INFO: [ app_begin ] --START--
INFO: ReadHtmlCache Behavior ::run [ RunTime:0.003241s ]
INFO: [ app_begin ] --END-- [ RunTime:0.003530s ]
NOTIC: [8] Undefined index: user C:\wamp\www\trunk\ThinkPHP\Lib\Core\Action.class.php 第 413 行.

